#
# There is insufficient memory for the Java Runtime Environment to continue.
# Native memory allocation (malloc) failed to allocate 1048576 bytes. Error detail: AllocateHeap
# Possible reasons:
#   The system is out of physical RAM or swap space
#   This process is running with CompressedOops enabled, and the Java Heap may be blocking the growth of the native heap
# Possible solutions:
#   Reduce memory load on the system
#   Increase physical memory or swap space
#   Check if swap backing store is full
#   Decrease Java heap size (-Xmx/-Xms)
#   Decrease number of Java threads
#   Decrease Java thread stack sizes (-Xss)
#   Set larger code cache with -XX:ReservedCodeCacheSize=
#   JVM is running with Unscaled Compressed Oops mode in which the Java heap is
#     placed in the first 4GB address space. The Java Heap base address is the
#     maximum limit for the native heap growth. Please use -XX:HeapBaseMinAddress
#     to set the Java Heap base and to place the Java Heap above 4GB virtual address.
# This output file may be truncated or incomplete.
#
#  Out of Memory Error (allocation.cpp:44), pid=16296, tid=22880
#
# JRE version: OpenJDK Runtime Environment Temurin-21.0.10+7 (21.0.10+7) (build 21.0.10+7-LTS)
# Java VM: OpenJDK 64-Bit Server VM Temurin-21.0.10+7 (21.0.10+7-LTS, mixed mode, sharing, tiered, compressed oops, compressed class ptrs, parallel gc, windows-amd64)
# No core dump will be written. Minidumps are not enabled by default on client versions of Windows
#

---------------  S U M M A R Y ------------

Command Line: --add-modules=ALL-SYSTEM --add-opens=java.base/java.util=ALL-UNNAMED --add-opens=java.base/java.lang=ALL-UNNAMED --add-opens=java.base/sun.nio.fs=ALL-UNNAMED -Declipse.application=org.eclipse.jdt.ls.core.id1 -Dosgi.bundles.defaultStartLevel=4 -Declipse.product=org.eclipse.jdt.ls.core.product -Djava.import.generatesMetadataFilesAtProjectRoot=false -DDetectVMInstallationsJob.disabled=true -Dfile.encoding=utf8 -XX:+UseParallelGC -XX:GCTimeRatio=4 -XX:AdaptiveSizePolicyWeight=90 -Dsun.zip.disableMemoryMapping=true -Xmx2G -Xms100m -Xlog:disable -javaagent:c:\Users\ASUS\.antigravity-ide\extensions\redhat.java-1.54.0-win32-x64\lombok\lombok-1.18.39-4050.jar -XX:+HeapDumpOnOutOfMemoryError -XX:HeapDumpPath=c:\Users\ASUS\AppData\Roaming\Antigravity IDE\User\workspaceStorage\38b01496c0394462420171b662720803\redhat.java -Daether.dependencyCollector.impl=bf c:\Users\ASUS\.antigravity-ide\extensions\redhat.java-1.54.0-win32-x64\server\plugins\org.eclipse.equinox.launcher_1.7.100.v20251111-0406.jar -configuration c:\Users\ASUS\AppData\Roaming\Antigravity IDE\User\globalStorage\redhat.java\1.54.0\config_win -data c:\Users\ASUS\AppData\Roaming\Antigravity IDE\User\workspaceStorage\38b01496c0394462420171b662720803\redhat.java\jdt_ws --pipe=\\.\pipe\lsp-8dbedaf88078b4129f6b44e35c0a8ed8-sock

Host: 11th Gen Intel(R) Core(TM) i5-11400H @ 2.70GHz, 12 cores, 15G,  Windows 11 , 64 bit Build 26100 (10.0.26100.8521)
Time: Tue Jul 14 14:14:19 2026 SE Asia Standard Time elapsed time: 5838.206101 seconds (0d 1h 37m 18s)

---------------  T H R E A D  ---------------

Current thread (0x000001f9e48abec0):  JavaThread "Attach Listener" daemon [_thread_in_vm, id=22880, stack(0x00000036def00000,0x00000036df000000) (1024K)]

Stack: [0x00000036def00000,0x00000036df000000]
Native frames: (J=compiled Java code, j=interpreted, Vv=VM code, C=native code)
V  [jvm.dll+0x6d7a39]
V  [jvm.dll+0x8b4b26]
V  [jvm.dll+0x8b70de]
V  [jvm.dll+0x8b77c3]
V  [jvm.dll+0x284346]
V  [jvm.dll+0xc1277]
V  [jvm.dll+0x6d82e9]
V  [jvm.dll+0x1334a6]
V  [jvm.dll+0x3f857e]
V  [jvm.dll+0x85f59d]
V  [jvm.dll+0x6d626d]
C  [ucrtbase.dll+0x2cd30]
C  [KERNEL32.DLL+0x2e957]
C  [ntdll.dll+0x87c1c]


---------------  P R O C E S S  ---------------

Threads class SMR info:
_java_thread_list=0x000001f9c8be7ac0, length=74, elements={
0x000001f9e244d5e0, 0x000001f9e48a63c0, 0x000001f9fb2add00, 0x000001f9e48a7f90,
0x000001f9e48abec0, 0x000001f9e48acb80, 0x000001f9e48ad710, 0x000001f9e48ae8b0,
0x000001f9e48bc900, 0x000001f9fc7f91f0, 0x000001f9fc9d5a30, 0x000001f9fdb60220,
0x000001f9fdb5ee70, 0x000001f9fdb5e7e0, 0x000001f9fdb5cda0, 0x000001f9fdb5d430,
0x000001f9fdb5f500, 0x000001f9fdb5fb90, 0x000001f9fdb5dac0, 0x000001f9fe8fe540,
0x000001f9fe8fdeb0, 0x000001f9fe8fb750, 0x000001f9fe8ff260, 0x000001f9fe8fbde0,
0x000001f9fe8fcb00, 0x000001f9fe902d70, 0x000001f9fe9026e0, 0x000001f9fe901330,
0x000001f9fe8ff8f0, 0x000001f9fe8fff80, 0x000001f9fe900610, 0x000001f9fe900ca0,
0x000001f9fe9019c0, 0x000001f9fe902050, 0x000001f9c5124230, 0x000001f9c5123510,
0x000001f9c59c7d30, 0x000001f9c59c76a0, 0x000001f9c59cab20, 0x000001f9c59cb1b0,
0x000001f9c709cea0, 0x000001f9c709c180, 0x000001f9c709ef70, 0x000001f9c709dbc0,
0x000001f9c709d530, 0x000001f9c709f600, 0x000001f9c709e250, 0x000001f9c5fa8fa0,
0x000001f9c5fa7bf0, 0x000001f9c5fa7560, 0x000001f9c5fab700, 0x000001f9c5fac420,
0x000001f9c5fad7d0, 0x000001f9c5facab0, 0x000001f9c5fad140, 0x000001f9c5fab070,
0x000001f9c59cb840, 0x000001f9c59cbed0, 0x000001f9c59c8a50, 0x000001f9c59c90e0,
0x000001f9c59cdfa0, 0x000001f9c59cd280, 0x000001f9c59cd910, 0x000001f9c59ce630,
0x000001f9fe8fc470, 0x000001f9fe8fd190, 0x000001f9fe8fd820, 0x000001f9c5123ba0,
0x000001f9c5122e80, 0x000001f9fdb5e150, 0x000001f9c709baf0, 0x000001f9c7099a20,
0x000001f9c709add0, 0x000001f9c59ca490
}

Java Threads: ( => current thread )
  0x000001f9e244d5e0 JavaThread "main"                              [_thread_blocked, id=16184, stack(0x00000036de800000,0x00000036de900000) (1024K)]
  0x000001f9e48a63c0 JavaThread "Reference Handler"          daemon [_thread_blocked, id=5036, stack(0x00000036dec00000,0x00000036ded00000) (1024K)]
  0x000001f9fb2add00 JavaThread "Finalizer"                  daemon [_thread_blocked, id=28228, stack(0x00000036ded00000,0x00000036dee00000) (1024K)]
  0x000001f9e48a7f90 JavaThread "Signal Dispatcher"          daemon [_thread_blocked, id=23172, stack(0x00000036dee00000,0x00000036def00000) (1024K)]
=>0x000001f9e48abec0 JavaThread "Attach Listener"            daemon [_thread_in_vm, id=22880, stack(0x00000036def00000,0x00000036df000000) (1024K)]
  0x000001f9e48acb80 JavaThread "Service Thread"             daemon [_thread_blocked, id=26748, stack(0x00000036df000000,0x00000036df100000) (1024K)]
  0x000001f9e48ad710 JavaThread "Monitor Deflation Thread"   daemon [_thread_blocked, id=22344, stack(0x00000036df100000,0x00000036df200000) (1024K)]
  0x000001f9e48ae8b0 JavaThread "C2 CompilerThread0"         daemon [_thread_blocked, id=31528, stack(0x00000036df200000,0x00000036df300000) (1024K)]
  0x000001f9e48bc900 JavaThread "C1 CompilerThread0"         daemon [_thread_blocked, id=25220, stack(0x00000036df300000,0x00000036df400000) (1024K)]
  0x000001f9fc7f91f0 JavaThread "Common-Cleaner"             daemon [_thread_blocked, id=28520, stack(0x00000036df400000,0x00000036df500000) (1024K)]
  0x000001f9fc9d5a30 JavaThread "Notification Thread"        daemon [_thread_blocked, id=20624, stack(0x00000036df600000,0x00000036df700000) (1024K)]
  0x000001f9fdb60220 JavaThread "Active Thread: Equinox Container: 9d8c56bd-8113-4169-9456-853efe976058"        [_thread_blocked, id=2832, stack(0x00000036dfe00000,0x00000036dff00000) (1024K)]
  0x000001f9fdb5ee70 JavaThread "Refresh Thread: Equinox Container: 9d8c56bd-8113-4169-9456-853efe976058" daemon [_thread_blocked, id=24972, stack(0x00000036dff00000,0x00000036e0000000) (1024K)]
  0x000001f9fdb5e7e0 JavaThread "Framework Event Dispatcher: Equinox Container: 9d8c56bd-8113-4169-9456-853efe976058" daemon [_thread_blocked, id=6280, stack(0x00000036e0000000,0x00000036e0100000) (1024K)]
  0x000001f9fdb5cda0 JavaThread "Start Level: Equinox Container: 9d8c56bd-8113-4169-9456-853efe976058" daemon [_thread_blocked, id=8328, stack(0x00000036e0100000,0x00000036e0200000) (1024K)]
  0x000001f9fdb5d430 JavaThread "Bundle File Closer"         daemon [_thread_blocked, id=16012, stack(0x00000036e0400000,0x00000036e0500000) (1024K)]
  0x000001f9fdb5f500 JavaThread "SCR Component Actor"        daemon [_thread_blocked, id=27572, stack(0x00000036df700000,0x00000036df800000) (1024K)]
  0x000001f9fdb5fb90 JavaThread "Worker-JM"                         [_thread_blocked, id=9828, stack(0x00000036e0700000,0x00000036e0800000) (1024K)]
  0x000001f9fdb5dac0 JavaThread "JNA Cleaner"                daemon [_thread_blocked, id=28268, stack(0x00000036e0600000,0x00000036e0700000) (1024K)]
  0x000001f9fe8fe540 JavaThread "Java indexing"              daemon [_thread_blocked, id=22132, stack(0x00000036e0b00000,0x00000036e0c00000) (1024K)]
  0x000001f9fe8fdeb0 JavaThread "Thread-1"                   daemon [_thread_in_native, id=20488, stack(0x00000036e1100000,0x00000036e1200000) (1024K)]
  0x000001f9fe8fb750 JavaThread "Thread-2"                   daemon [_thread_in_native, id=32732, stack(0x00000036e1200000,0x00000036e1300000) (1024K)]
  0x000001f9fe8ff260 JavaThread "Thread-3"                   daemon [_thread_in_native, id=25144, stack(0x00000036e1300000,0x00000036e1400000) (1024K)]
  0x000001f9fe8fbde0 JavaThread "Thread-4"                   daemon [_thread_in_native, id=2280, stack(0x00000036e1400000,0x00000036e1500000) (1024K)]
  0x000001f9fe8fcb00 JavaThread "Thread-5"                   daemon [_thread_in_native, id=18600, stack(0x00000036e1500000,0x00000036e1600000) (1024K)]
  0x000001f9fe902d70 JavaThread "Thread-6"                   daemon [_thread_in_native, id=20120, stack(0x00000036e1600000,0x00000036e1700000) (1024K)]
  0x000001f9fe9026e0 JavaThread "Thread-7"                   daemon [_thread_in_native, id=4104, stack(0x00000036e1700000,0x00000036e1800000) (1024K)]
  0x000001f9fe901330 JavaThread "Thread-8"                   daemon [_thread_in_native, id=25876, stack(0x00000036e1800000,0x00000036e1900000) (1024K)]
  0x000001f9fe8ff8f0 JavaThread "Thread-9"                   daemon [_thread_in_native, id=11592, stack(0x00000036e1900000,0x00000036e1a00000) (1024K)]
  0x000001f9fe8fff80 JavaThread "Thread-10"                  daemon [_thread_in_native, id=29376, stack(0x00000036e1a00000,0x00000036e1b00000) (1024K)]
  0x000001f9fe900610 JavaThread "Thread-11"                  daemon [_thread_in_native, id=20732, stack(0x00000036e1b00000,0x00000036e1c00000) (1024K)]
  0x000001f9fe900ca0 JavaThread "Thread-12"                  daemon [_thread_in_native, id=12732, stack(0x00000036e1c00000,0x00000036e1d00000) (1024K)]
  0x000001f9fe9019c0 JavaThread "Thread-13"                  daemon [_thread_in_native, id=22548, stack(0x00000036e1d00000,0x00000036e1e00000) (1024K)]
  0x000001f9fe902050 JavaThread "pool-2-thread-1"                   [_thread_blocked, id=26024, stack(0x00000036e1e00000,0x00000036e1f00000) (1024K)]
  0x000001f9c5124230 JavaThread "WorkspaceEventsHandler"            [_thread_blocked, id=29704, stack(0x00000036e1f00000,0x00000036e2000000) (1024K)]
  0x000001f9c5123510 JavaThread "pool-1-thread-1"                   [_thread_blocked, id=400, stack(0x00000036e2000000,0x00000036e2100000) (1024K)]
  0x000001f9c59c7d30 JavaThread "Compiler Source File Reader" daemon [_thread_blocked, id=32468, stack(0x00000036e0500000,0x00000036e0600000) (1024K)]
  0x000001f9c59c76a0 JavaThread "Compiler Source File Reader" daemon [_thread_blocked, id=7220, stack(0x00000036e0d00000,0x00000036e0e00000) (1024K)]
  0x000001f9c59cab20 JavaThread "Worker-19"                         [_thread_blocked, id=3632, stack(0x00000036de500000,0x00000036de600000) (1024K)]
  0x000001f9c59cb1b0 JavaThread "Worker-20"                         [_thread_blocked, id=24468, stack(0x00000036de700000,0x00000036de800000) (1024K)]
  0x000001f9c709cea0 JavaThread "ForkJoinPool.commonPool-worker-20" daemon [_thread_blocked, id=11832, stack(0x00000036e0c00000,0x00000036e0d00000) (1024K)]
  0x000001f9c709c180 JavaThread "ForkJoinPool.commonPool-worker-21" daemon [_thread_blocked, id=27216, stack(0x00000036e0e00000,0x00000036e0f00000) (1024K)]
  0x000001f9c709ef70 JavaThread "LocalFile Deleter"          daemon [_thread_blocked, id=7760, stack(0x00000036e0f00000,0x00000036e1000000) (1024K)]
  0x000001f9c709dbc0 JavaThread "LocalFile Deleter"          daemon [_thread_blocked, id=6232, stack(0x00000036e1000000,0x00000036e1100000) (1024K)]
  0x000001f9c709d530 JavaThread "LocalFile Deleter"          daemon [_thread_blocked, id=3248, stack(0x00000036e2100000,0x00000036e2200000) (1024K)]
  0x000001f9c709f600 JavaThread "LocalFile Deleter"          daemon [_thread_blocked, id=31456, stack(0x00000036e2200000,0x00000036e2300000) (1024K)]
  0x000001f9c709e250 JavaThread "LocalFile Deleter"          daemon [_thread_blocked, id=19408, stack(0x00000036e2300000,0x00000036e2400000) (1024K)]
  0x000001f9c5fa8fa0 JavaThread "LocalFile Deleter"          daemon [_thread_blocked, id=14132, stack(0x00000036e2400000,0x00000036e2500000) (1024K)]
  0x000001f9c5fa7bf0 JavaThread "LocalFile Deleter"          daemon [_thread_blocked, id=6252, stack(0x00000036e2600000,0x00000036e2700000) (1024K)]
  0x000001f9c5fa7560 JavaThread "LocalFile Deleter"          daemon [_thread_blocked, id=19820, stack(0x00000036e2700000,0x00000036e2800000) (1024K)]
  0x000001f9c5fab700 JavaThread "LocalFile Deleter"          daemon [_thread_blocked, id=23092, stack(0x00000036e2800000,0x00000036e2900000) (1024K)]
  0x000001f9c5fac420 JavaThread "LocalFile Deleter"          daemon [_thread_blocked, id=22400, stack(0x00000036e2900000,0x00000036e2a00000) (1024K)]
  0x000001f9c5fad7d0 JavaThread "Compiler Source File Reader" daemon [_thread_blocked, id=28312, stack(0x00000036e2a00000,0x00000036e2b00000) (1024K)]
  0x000001f9c5facab0 JavaThread "Compiler Source File Reader" daemon [_thread_blocked, id=16536, stack(0x00000036e2b00000,0x00000036e2c00000) (1024K)]
  0x000001f9c5fad140 JavaThread "Compiler Source File Reader" daemon [_thread_blocked, id=25720, stack(0x00000036e2c00000,0x00000036e2d00000) (1024K)]
  0x000001f9c5fab070 JavaThread "Compiler Source File Reader" daemon [_thread_blocked, id=19400, stack(0x00000036e2d00000,0x00000036e2e00000) (1024K)]
  0x000001f9c59cb840 JavaThread "Compiler Source File Reader" daemon [_thread_blocked, id=9520, stack(0x00000036e2e00000,0x00000036e2f00000) (1024K)]
  0x000001f9c59cbed0 JavaThread "Compiler Source File Reader" daemon [_thread_blocked, id=24364, stack(0x00000036e2f00000,0x00000036e3000000) (1024K)]
  0x000001f9c59c8a50 JavaThread "Compiler Source File Reader" daemon [_thread_blocked, id=23388, stack(0x00000036e3000000,0x00000036e3100000) (1024K)]
  0x000001f9c59c90e0 JavaThread "Compiler Source File Reader" daemon [_thread_blocked, id=26488, stack(0x00000036e3100000,0x00000036e3200000) (1024K)]
  0x000001f9c59cdfa0 JavaThread "Compiler Class File Writer" daemon [_thread_blocked, id=12132, stack(0x00000036e3300000,0x00000036e3400000) (1024K)]
  0x000001f9c59cd280 JavaThread "Compiler Class File Writer" daemon [_thread_blocked, id=11576, stack(0x00000036e3400000,0x00000036e3500000) (1024K)]
  0x000001f9c59cd910 JavaThread "Compiler Class File Writer" daemon [_thread_blocked, id=24172, stack(0x00000036e3500000,0x00000036e3600000) (1024K)]
  0x000001f9c59ce630 JavaThread "Compiler Class File Writer" daemon [_thread_blocked, id=32420, stack(0x00000036e3600000,0x00000036e3700000) (1024K)]
  0x000001f9fe8fc470 JavaThread "Compiler Class File Writer" daemon [_thread_blocked, id=18680, stack(0x00000036e3700000,0x00000036e3800000) (1024K)]
  0x000001f9fe8fd190 JavaThread "Compiler Class File Writer" daemon [_thread_blocked, id=31796, stack(0x00000036e3800000,0x00000036e3900000) (1024K)]
  0x000001f9fe8fd820 JavaThread "Compiler Class File Writer" daemon [_thread_blocked, id=2072, stack(0x00000036e3a00000,0x00000036e3b00000) (1024K)]
  0x000001f9c5123ba0 JavaThread "Compiler Class File Writer" daemon [_thread_blocked, id=19548, stack(0x00000036e3b00000,0x00000036e3c00000) (1024K)]
  0x000001f9c5122e80 JavaThread "Compiler Class File Writer" daemon [_thread_blocked, id=27320, stack(0x00000036e3c00000,0x00000036e3d00000) (1024K)]
  0x000001f9fdb5e150 JavaThread "Compiler Class File Writer" daemon [_thread_blocked, id=31388, stack(0x00000036e3d00000,0x00000036e3e00000) (1024K)]
  0x000001f9c709baf0 JavaThread "ForkJoinPool.commonPool-worker-22" daemon [_thread_blocked, id=3392, stack(0x00000036de600000,0x00000036de700000) (1024K)]
  0x000001f9c7099a20 JavaThread "ForkJoinPool.commonPool-worker-23" daemon [_thread_blocked, id=19788, stack(0x00000036e0800000,0x00000036e0900000) (1024K)]
  0x000001f9c709add0 JavaThread "ForkJoinPool.commonPool-worker-24" daemon [_thread_blocked, id=19612, stack(0x00000036e0900000,0x00000036e0a00000) (1024K)]
  0x000001f9c59ca490 JavaThread "ForkJoinPool.commonPool-worker-25" daemon [_thread_blocked, id=30004, stack(0x00000036e3200000,0x00000036e3300000) (1024K)]
Total: 74

Other Threads:
  0x000001f9fb2949a0 VMThread "VM Thread"                           [id=22408, stack(0x00000036deb00000,0x00000036dec00000) (1024K)]
  0x000001f9e486bbb0 WatcherThread "VM Periodic Task Thread"        [id=27708, stack(0x00000036dea00000,0x00000036deb00000) (1024K)]
  0x000001f9e481beb0 WorkerThread "GC Thread#0"                     [id=26344, stack(0x00000036de900000,0x00000036dea00000) (1024K)]
  0x000001f9fdb0e180 WorkerThread "GC Thread#1"                     [id=29332, stack(0x00000036df800000,0x00000036df900000) (1024K)]
  0x000001f9fd746910 WorkerThread "GC Thread#2"                     [id=9228, stack(0x00000036df900000,0x00000036dfa00000) (1024K)]
  0x000001f9fdec2f20 WorkerThread "GC Thread#3"                     [id=14840, stack(0x00000036dfa00000,0x00000036dfb00000) (1024K)]
  0x000001f9fdad9db0 WorkerThread "GC Thread#4"                     [id=5660, stack(0x00000036dfb00000,0x00000036dfc00000) (1024K)]
  0x000001f9fdada160 WorkerThread "GC Thread#5"                     [id=30220, stack(0x00000036dfc00000,0x00000036dfd00000) (1024K)]
  0x000001f9fdada510 WorkerThread "GC Thread#6"                     [id=32272, stack(0x00000036dfd00000,0x00000036dfe00000) (1024K)]
  0x000001f9e48b2de0 WorkerThread "GC Thread#7"                     [id=9948, stack(0x00000036df500000,0x00000036df600000) (1024K)]
  0x000001f9fe3dc710 WorkerThread "GC Thread#8"                     [id=29352, stack(0x00000036e0200000,0x00000036e0300000) (1024K)]
  0x000001f9fd73e770 WorkerThread "GC Thread#9"                     [id=18980, stack(0x00000036e0300000,0x00000036e0400000) (1024K)]
Total: 12

Threads with active compile tasks:
Total: 0

VM state: not at safepoint (normal execution)

VM Mutex/Monitor currently owned by a thread: None

Heap address: 0x0000000080000000, size: 2048 MB, Compressed Oops mode: 32-bit

CDS archive(s) mapped at: [0x000001f980000000-0x000001f980ba0000-0x000001f980ba0000), size 12189696, SharedBaseAddress: 0x000001f980000000, ArchiveRelocationMode: 1.
Compressed class space mapped at: 0x000001f981000000-0x000001f9c1000000, reserved size: 1073741824
Narrow klass base: 0x000001f980000000, Narrow klass shift: 0, Narrow klass range: 0x100000000

GC Precious Log:
 CardTable entry size: 512
 CPUs: 12 total, 12 available
 Memory: 16106M
 Large Page Support: Disabled
 NUMA Support: Disabled
 Compressed Oops: Enabled (32-bit)
 Alignments: Space 512K, Generation 512K, Heap 2M
 Heap Min Capacity: 100M
 Heap Initial Capacity: 100M
 Heap Max Capacity: 2G
 Pre-touch: Disabled
 Parallel Workers: 10

Heap:
 PSYoungGen      total 9216K, used 5085K [0x00000000d5580000, 0x00000000d6180000, 0x0000000100000000)
  eden space 7168K, 45% used [0x00000000d5580000,0x00000000d58aa288,0x00000000d5c80000)
  from space 2048K, 90% used [0x00000000d5f80000,0x00000000d614d210,0x00000000d6180000)
  to   space 2048K, 0% used [0x00000000d5d80000,0x00000000d5d80000,0x00000000d5f80000)
 ParOldGen       total 961024K, used 960714K [0x0000000080000000, 0x00000000baa80000, 0x00000000d5580000)
  object space 961024K, 99% used [0x0000000080000000,0x00000000baa32920,0x00000000baa80000)
 Metaspace       used 82764K, committed 84480K, reserved 1179648K
  class space    used 8505K, committed 9280K, reserved 1048576K

Card table byte_map: [0x000001f9e41a0000,0x000001f9e45b0000] _byte_map_base: 0x000001f9e3da0000

Marking Bits: (ParMarkBitMap*) 0x00007ffabdd33450
 Begin Bits: [0x000001f9f6cb0000, 0x000001f9f8cb0000)
 End Bits:   [0x000001f9f8cb0000, 0x000001f9facb0000)

Polling page: 0x000001f9e2b60000

Metaspace:

Usage:
  Non-class:     72.52 MB used.
      Class:      8.31 MB used.
       Both:     80.82 MB used.

Virtual space:
  Non-class space:      128.00 MB reserved,      73.44 MB ( 57%) committed,  2 nodes.
      Class space:        1.00 GB reserved,       9.06 MB ( <1%) committed,  1 nodes.
             Both:        1.12 GB reserved,      82.50 MB (  7%) committed. 

Chunk freelists:
   Non-Class:  6.59 MB
       Class:  6.86 MB
        Both:  13.45 MB

MaxMetaspaceSize: unlimited
CompressedClassSpaceSize: 1.00 GB
Initial GC threshold: 21.00 MB
Current GC threshold: 123.44 MB
CDS: on
 - commit_granule_bytes: 65536.
 - commit_granule_words: 8192.
 - virtual_space_node_default_size: 8388608.
 - enlarge_chunks_in_place: 1.
 - use_allocation_guard: 0.


Internal statistics:

num_allocs_failed_limit: 9.
num_arena_births: 1602.
num_arena_deaths: 424.
num_vsnodes_births: 3.
num_vsnodes_deaths: 0.
num_space_committed: 1320.
num_space_uncommitted: 0.
num_chunks_returned_to_freelist: 503.
num_chunks_taken_from_freelist: 5751.
num_chunk_merges: 137.
num_chunk_splits: 3338.
num_chunks_enlarged: 1941.
num_inconsistent_stats: 0.

CodeHeap 'non-profiled nmethods': size=120000Kb used=21587Kb max_used=21587Kb free=98412Kb
 bounds [0x000001f9ef4d0000, 0x000001f9f09f0000, 0x000001f9f6a00000]
CodeHeap 'profiled nmethods': size=120000Kb used=43656Kb max_used=43656Kb free=76343Kb
 bounds [0x000001f9e7a00000, 0x000001f9ea4b0000, 0x000001f9eef30000]
CodeHeap 'non-nmethods': size=5760Kb used=1490Kb max_used=1557Kb free=4270Kb
 bounds [0x000001f9eef30000, 0x000001f9ef1a0000, 0x000001f9ef4d0000]
CodeCache: size=245760Kb, used=66733Kb, max_used=66800Kb, free=179025Kb
 total_blobs=19128, nmethods=18336, adapters=696, full_count=0
Compilation: enabled, stopped_count=0, restarted_count=0

Compilation events (20 events):
Event: 5761.533 Thread 0x000001f9e48bc900 nmethod 21159 0x000001f9ea49f890 code [0x000001f9ea49faa0, 0x000001f9ea4a00a8]
Event: 5761.534 Thread 0x000001f9e48bc900 21160       3       org.eclipse.jdt.internal.compiler.parser.Parser::consumeClassDeclaration (248 bytes)
Event: 5761.534 Thread 0x000001f9e48bc900 nmethod 21160 0x000001f9ea4a0310 code [0x000001f9ea4a0580, 0x000001f9ea4a11c0]
Event: 5761.534 Thread 0x000001f9e48bc900 21161       3       org.eclipse.jdt.internal.compiler.ast.CompilationUnitDeclaration::cleanUp (213 bytes)
Event: 5761.535 Thread 0x000001f9e48bc900 nmethod 21161 0x000001f9ea4a1510 code [0x000001f9ea4a17e0, 0x000001f9ea4a2810]
Event: 5761.535 Thread 0x000001f9e48bc900 21162       3       org.eclipse.jdt.internal.compiler.CompilationResult::releaseContent (6 bytes)
Event: 5761.535 Thread 0x000001f9e48bc900 nmethod 21162 0x000001f9ea4a2d90 code [0x000001f9ea4a2f20, 0x000001f9ea4a3058]
Event: 5761.538 Thread 0x000001f9e48bc900 21163   !   3       org.eclipse.lsp4j.jsonrpc.json.adapters.EnumTypeAdapter$Factory::create (55 bytes)
Event: 5761.539 Thread 0x000001f9e48bc900 nmethod 21163 0x000001f9ea4a3110 code [0x000001f9ea4a3340, 0x000001f9ea4a3890]
Event: 5761.549 Thread 0x000001f9e48ae8b0 nmethod 21087 0x000001f9f09bb410 code [0x000001f9f09bbe80, 0x000001f9f09c5d08]
Event: 5761.550 Thread 0x000001f9e48ae8b0 21153       4       org.eclipse.jdt.internal.compiler.env.IModuleAwareNameEnvironment$LookupStrategy::get (37 bytes)
Event: 5761.550 Thread 0x000001f9e48ae8b0 nmethod 21153 0x000001f9f09cae10 code [0x000001f9f09cafa0, 0x000001f9f09cb070]
Event: 5761.550 Thread 0x000001f9e48ae8b0 21154       4       jdk.internal.jrtfs.JrtDirectoryStream$1::next (5 bytes)
Event: 5761.552 Thread 0x000001f9e48ae8b0 nmethod 21154 0x000001f9f09cb110 code [0x000001f9f09cb2c0, 0x000001f9f09cb620]
Event: 5761.552 Thread 0x000001f9e48ae8b0 21155   !   4       jdk.internal.jrtfs.JrtDirectoryStream$1::next (48 bytes)
Event: 5761.553 Thread 0x000001f9e48ae8b0 nmethod 21155 0x000001f9f09cb810 code [0x000001f9f09cb9c0, 0x000001f9f09cbd20]
Event: 5761.553 Thread 0x000001f9e48ae8b0 21158       4       java.util.stream.ReferencePipeline::wrap (11 bytes)
Event: 5761.554 Thread 0x000001f9e48ae8b0 nmethod 21158 0x000001f9f09cbf10 code [0x000001f9f09cc0a0, 0x000001f9f09cc1d0]
Event: 5761.628 Thread 0x000001f9c64be900 nmethod 21129% 0x000001f9f09cc290 code [0x000001f9f09ccae0, 0x000001f9f09d47d0]
Event: 5761.682 Thread 0x000001f9c8b17590 nmethod 21150 0x000001f9f09d8610 code [0x000001f9f09d8f60, 0x000001f9f09e0070]

GC Heap History (20 events):
Event: 5761.324 GC heap before
{Heap before GC invocations=1719 (full 4):
 PSYoungGen      total 10240K, used 9856K [0x00000000d5580000, 0x00000000d6580000, 0x0000000100000000)
  eden space 9216K, 100% used [0x00000000d5580000,0x00000000d5e80000,0x00000000d5e80000)
  from space 1024K, 62% used [0x00000000d6480000,0x00000000d65200a8,0x00000000d6580000)
  to   space 1024K, 0% used [0x00000000d6380000,0x00000000d6380000,0x00000000d6480000)
 ParOldGen       total 946688K, used 946443K [0x0000000080000000, 0x00000000b9c80000, 0x00000000d5580000)
  object space 946688K, 99% used [0x0000000080000000,0x00000000b9c42f08,0x00000000b9c80000)
 Metaspace       used 82731K, committed 84416K, reserved 1179648K
  class space    used 8505K, committed 9280K, reserved 1048576K
}
Event: 5761.326 GC heap after
{Heap after GC invocations=1719 (full 4):
 PSYoungGen      total 10240K, used 332K [0x00000000d5580000, 0x00000000d6500000, 0x0000000100000000)
  eden space 9216K, 0% used [0x00000000d5580000,0x00000000d5580000,0x00000000d5e80000)
  from space 1024K, 32% used [0x00000000d6380000,0x00000000d63d3138,0x00000000d6480000)
  to   space 512K, 0% used [0x00000000d6480000,0x00000000d6480000,0x00000000d6500000)
 ParOldGen       total 947200K, used 946971K [0x0000000080000000, 0x00000000b9d00000, 0x00000000d5580000)
  object space 947200K, 99% used [0x0000000080000000,0x00000000b9cc6ce0,0x00000000b9d00000)
 Metaspace       used 82731K, committed 84416K, reserved 1179648K
  class space    used 8505K, committed 9280K, reserved 1048576K
}
Event: 5761.349 GC heap before
{Heap before GC invocations=1720 (full 4):
 PSYoungGen      total 10240K, used 9548K [0x00000000d5580000, 0x00000000d6500000, 0x0000000100000000)
  eden space 9216K, 100% used [0x00000000d5580000,0x00000000d5e80000,0x00000000d5e80000)
  from space 1024K, 32% used [0x00000000d6380000,0x00000000d63d3138,0x00000000d6480000)
  to   space 512K, 0% used [0x00000000d6480000,0x00000000d6480000,0x00000000d6500000)
 ParOldGen       total 947200K, used 946971K [0x0000000080000000, 0x00000000b9d00000, 0x00000000d5580000)
  object space 947200K, 99% used [0x0000000080000000,0x00000000b9cc6ce0,0x00000000b9d00000)
 Metaspace       used 82739K, committed 84416K, reserved 1179648K
  class space    used 8505K, committed 9280K, reserved 1048576K
}
Event: 5761.353 GC heap after
{Heap after GC invocations=1720 (full 4):
 PSYoungGen      total 9728K, used 505K [0x00000000d5580000, 0x00000000d6500000, 0x0000000100000000)
  eden space 9216K, 0% used [0x00000000d5580000,0x00000000d5580000,0x00000000d5e80000)
  from space 512K, 98% used [0x00000000d6480000,0x00000000d64fe6c0,0x00000000d6500000)
  to   space 3072K, 0% used [0x00000000d5f00000,0x00000000d5f00000,0x00000000d6200000)
 ParOldGen       total 949248K, used 948909K [0x0000000080000000, 0x00000000b9f00000, 0x00000000d5580000)
  object space 949248K, 99% used [0x0000000080000000,0x00000000b9eab4d0,0x00000000b9f00000)
 Metaspace       used 82739K, committed 84416K, reserved 1179648K
  class space    used 8505K, committed 9280K, reserved 1048576K
}
Event: 5761.375 GC heap before
{Heap before GC invocations=1721 (full 4):
 PSYoungGen      total 9728K, used 9721K [0x00000000d5580000, 0x00000000d6500000, 0x0000000100000000)
  eden space 9216K, 100% used [0x00000000d5580000,0x00000000d5e80000,0x00000000d5e80000)
  from space 512K, 98% used [0x00000000d6480000,0x00000000d64fe6c0,0x00000000d6500000)
  to   space 3072K, 0% used [0x00000000d5f00000,0x00000000d5f00000,0x00000000d6200000)
 ParOldGen       total 949248K, used 948909K [0x0000000080000000, 0x00000000b9f00000, 0x00000000d5580000)
  object space 949248K, 99% used [0x0000000080000000,0x00000000b9eab4d0,0x00000000b9f00000)
 Metaspace       used 82741K, committed 84416K, reserved 1179648K
  class space    used 8505K, committed 9280K, reserved 1048576K
}
Event: 5761.377 GC heap after
{Heap after GC invocations=1721 (full 4):
 PSYoungGen      total 12288K, used 2606K [0x00000000d5580000, 0x00000000d6500000, 0x0000000100000000)
  eden space 9216K, 0% used [0x00000000d5580000,0x00000000d5580000,0x00000000d5e80000)
  from space 3072K, 84% used [0x00000000d5f00000,0x00000000d618b958,0x00000000d6200000)
  to   space 3072K, 0% used [0x00000000d6200000,0x00000000d6200000,0x00000000d6500000)
 ParOldGen       total 949760K, used 949400K [0x0000000080000000, 0x00000000b9f80000, 0x00000000d5580000)
  object space 949760K, 99% used [0x0000000080000000,0x00000000b9f260e0,0x00000000b9f80000)
 Metaspace       used 82741K, committed 84416K, reserved 1179648K
  class space    used 8505K, committed 9280K, reserved 1048576K
}
Event: 5761.391 GC heap before
{Heap before GC invocations=1722 (full 4):
 PSYoungGen      total 12288K, used 11822K [0x00000000d5580000, 0x00000000d6500000, 0x0000000100000000)
  eden space 9216K, 100% used [0x00000000d5580000,0x00000000d5e80000,0x00000000d5e80000)
  from space 3072K, 84% used [0x00000000d5f00000,0x00000000d618b958,0x00000000d6200000)
  to   space 3072K, 0% used [0x00000000d6200000,0x00000000d6200000,0x00000000d6500000)
 ParOldGen       total 949760K, used 949400K [0x0000000080000000, 0x00000000b9f80000, 0x00000000d5580000)
  object space 949760K, 99% used [0x0000000080000000,0x00000000b9f260e0,0x00000000b9f80000)
 Metaspace       used 82741K, committed 84416K, reserved 1179648K
  class space    used 8505K, committed 9280K, reserved 1048576K
}
Event: 5761.395 GC heap after
{Heap after GC invocations=1722 (full 4):
 PSYoungGen      total 10240K, used 814K [0x00000000d5580000, 0x00000000d6300000, 0x0000000100000000)
  eden space 9216K, 0% used [0x00000000d5580000,0x00000000d5580000,0x00000000d5e80000)
  from space 1024K, 79% used [0x00000000d6200000,0x00000000d62cb9f0,0x00000000d6300000)
  to   space 1536K, 0% used [0x00000000d6000000,0x00000000d6000000,0x00000000d6180000)
 ParOldGen       total 952320K, used 951814K [0x0000000080000000, 0x00000000ba200000, 0x00000000d5580000)
  object space 952320K, 99% used [0x0000000080000000,0x00000000ba181b40,0x00000000ba200000)
 Metaspace       used 82741K, committed 84416K, reserved 1179648K
  class space    used 8505K, committed 9280K, reserved 1048576K
}
Event: 5761.409 GC heap before
{Heap before GC invocations=1723 (full 4):
 PSYoungGen      total 10240K, used 10030K [0x00000000d5580000, 0x00000000d6300000, 0x0000000100000000)
  eden space 9216K, 100% used [0x00000000d5580000,0x00000000d5e80000,0x00000000d5e80000)
  from space 1024K, 79% used [0x00000000d6200000,0x00000000d62cb9f0,0x00000000d6300000)
  to   space 1536K, 0% used [0x00000000d6000000,0x00000000d6000000,0x00000000d6180000)
 ParOldGen       total 952320K, used 951814K [0x0000000080000000, 0x00000000ba200000, 0x00000000d5580000)
  object space 952320K, 99% used [0x0000000080000000,0x00000000ba181b40,0x00000000ba200000)
 Metaspace       used 82741K, committed 84416K, reserved 1179648K
  class space    used 8505K, committed 9280K, reserved 1048576K
}
Event: 5761.410 GC heap after
{Heap after GC invocations=1723 (full 4):
 PSYoungGen      total 10752K, used 256K [0x00000000d5580000, 0x00000000d6280000, 0x0000000100000000)
  eden space 9216K, 0% used [0x00000000d5580000,0x00000000d5580000,0x00000000d5e80000)
  from space 1536K, 16% used [0x00000000d6000000,0x00000000d6040000,0x00000000d6180000)
  to   space 1024K, 0% used [0x00000000d6180000,0x00000000d6180000,0x00000000d6280000)
 ParOldGen       total 952832K, used 952428K [0x0000000080000000, 0x00000000ba280000, 0x00000000d5580000)
  object space 952832K, 99% used [0x0000000080000000,0x00000000ba21b198,0x00000000ba280000)
 Metaspace       used 82741K, committed 84416K, reserved 1179648K
  class space    used 8505K, committed 9280K, reserved 1048576K
}
Event: 5761.431 GC heap before
{Heap before GC invocations=1724 (full 4):
 PSYoungGen      total 10752K, used 9472K [0x00000000d5580000, 0x00000000d6280000, 0x0000000100000000)
  eden space 9216K, 100% used [0x00000000d5580000,0x00000000d5e80000,0x00000000d5e80000)
  from space 1536K, 16% used [0x00000000d6000000,0x00000000d6040000,0x00000000d6180000)
  to   space 1024K, 0% used [0x00000000d6180000,0x00000000d6180000,0x00000000d6280000)
 ParOldGen       total 952832K, used 952428K [0x0000000080000000, 0x00000000ba280000, 0x00000000d5580000)
  object space 952832K, 99% used [0x0000000080000000,0x00000000ba21b198,0x00000000ba280000)
 Metaspace       used 82741K, committed 84416K, reserved 1179648K
  class space    used 8505K, committed 9280K, reserved 1048576K
}
Event: 5761.434 GC heap after
{Heap after GC invocations=1724 (full 4):
 PSYoungGen      total 8192K, used 997K [0x00000000d5580000, 0x00000000d6880000, 0x0000000100000000)
  eden space 7168K, 0% used [0x00000000d5580000,0x00000000d5580000,0x00000000d5c80000)
  from space 1024K, 97% used [0x00000000d6180000,0x00000000d62797b8,0x00000000d6280000)
  to   space 5120K, 0% used [0x00000000d5c80000,0x00000000d5c80000,0x00000000d6180000)
 ParOldGen       total 955904K, used 955539K [0x0000000080000000, 0x00000000ba580000, 0x00000000d5580000)
  object space 955904K, 99% used [0x0000000080000000,0x00000000ba524f98,0x00000000ba580000)
 Metaspace       used 82741K, committed 84416K, reserved 1179648K
  class space    used 8505K, committed 9280K, reserved 1048576K
}
Event: 5761.455 GC heap before
{Heap before GC invocations=1725 (full 4):
 PSYoungGen      total 8192K, used 8165K [0x00000000d5580000, 0x00000000d6880000, 0x0000000100000000)
  eden space 7168K, 100% used [0x00000000d5580000,0x00000000d5c80000,0x00000000d5c80000)
  from space 1024K, 97% used [0x00000000d6180000,0x00000000d62797b8,0x00000000d6280000)
  to   space 5120K, 0% used [0x00000000d5c80000,0x00000000d5c80000,0x00000000d6180000)
 ParOldGen       total 955904K, used 955539K [0x0000000080000000, 0x00000000ba580000, 0x00000000d5580000)
  object space 955904K, 99% used [0x0000000080000000,0x00000000ba524f98,0x00000000ba580000)
 Metaspace       used 82745K, committed 84416K, reserved 1179648K
  class space    used 8505K, committed 9280K, reserved 1048576K
}
Event: 5761.457 GC heap after
{Heap after GC invocations=1725 (full 4):
 PSYoungGen      total 9216K, used 1843K [0x00000000d5580000, 0x00000000d6280000, 0x0000000100000000)
  eden space 7168K, 0% used [0x00000000d5580000,0x00000000d5580000,0x00000000d5c80000)
  from space 2048K, 90% used [0x00000000d5c80000,0x00000000d5e4cd10,0x00000000d5e80000)
  to   space 3072K, 0% used [0x00000000d5f80000,0x00000000d5f80000,0x00000000d6280000)
 ParOldGen       total 956928K, used 956566K [0x0000000080000000, 0x00000000ba680000, 0x00000000d5580000)
  object space 956928K, 99% used [0x0000000080000000,0x00000000ba625890,0x00000000ba680000)
 Metaspace       used 82745K, committed 84416K, reserved 1179648K
  class space    used 8505K, committed 9280K, reserved 1048576K
}
Event: 5761.475 GC heap before
{Heap before GC invocations=1726 (full 4):
 PSYoungGen      total 9216K, used 9011K [0x00000000d5580000, 0x00000000d6280000, 0x0000000100000000)
  eden space 7168K, 100% used [0x00000000d5580000,0x00000000d5c80000,0x00000000d5c80000)
  from space 2048K, 90% used [0x00000000d5c80000,0x00000000d5e4cd10,0x00000000d5e80000)
  to   space 3072K, 0% used [0x00000000d5f80000,0x00000000d5f80000,0x00000000d6280000)
 ParOldGen       total 956928K, used 956566K [0x0000000080000000, 0x00000000ba680000, 0x00000000d5580000)
  object space 956928K, 99% used [0x0000000080000000,0x00000000ba625890,0x00000000ba680000)
 Metaspace       used 82748K, committed 84480K, reserved 1179648K
  class space    used 8505K, committed 9280K, reserved 1048576K
}
Event: 5761.477 GC heap after
{Heap after GC invocations=1726 (full 4):
 PSYoungGen      total 9728K, used 2176K [0x00000000d5580000, 0x00000000d6200000, 0x0000000100000000)
  eden space 7168K, 0% used [0x00000000d5580000,0x00000000d5580000,0x00000000d5c80000)
  from space 2560K, 85% used [0x00000000d5f80000,0x00000000d61a0010,0x00000000d6200000)
  to   space 2560K, 0% used [0x00000000d5d00000,0x00000000d5d00000,0x00000000d5f80000)
 ParOldGen       total 956928K, used 956775K [0x0000000080000000, 0x00000000ba680000, 0x00000000d5580000)
  object space 956928K, 99% used [0x0000000080000000,0x00000000ba659c90,0x00000000ba680000)
 Metaspace       used 82748K, committed 84480K, reserved 1179648K
  class space    used 8505K, committed 9280K, reserved 1048576K
}
Event: 5761.490 GC heap before
{Heap before GC invocations=1727 (full 4):
 PSYoungGen      total 9728K, used 9344K [0x00000000d5580000, 0x00000000d6200000, 0x0000000100000000)
  eden space 7168K, 100% used [0x00000000d5580000,0x00000000d5c80000,0x00000000d5c80000)
  from space 2560K, 85% used [0x00000000d5f80000,0x00000000d61a0010,0x00000000d6200000)
  to   space 2560K, 0% used [0x00000000d5d00000,0x00000000d5d00000,0x00000000d5f80000)
 ParOldGen       total 956928K, used 956775K [0x0000000080000000, 0x00000000ba680000, 0x00000000d5580000)
  object space 956928K, 99% used [0x0000000080000000,0x00000000ba659c90,0x00000000ba680000)
 Metaspace       used 82752K, committed 84480K, reserved 1179648K
  class space    used 8505K, committed 9280K, reserved 1048576K
}
Event: 5761.493 GC heap after
{Heap after GC invocations=1727 (full 4):
 PSYoungGen      total 9728K, used 2074K [0x00000000d5580000, 0x00000000d6180000, 0x0000000100000000)
  eden space 7168K, 0% used [0x00000000d5580000,0x00000000d5580000,0x00000000d5c80000)
  from space 2560K, 81% used [0x00000000d5d00000,0x00000000d5f06910,0x00000000d5f80000)
  to   space 2048K, 0% used [0x00000000d5f80000,0x00000000d5f80000,0x00000000d6180000)
 ParOldGen       total 958976K, used 958837K [0x0000000080000000, 0x00000000ba880000, 0x00000000d5580000)
  object space 958976K, 99% used [0x0000000080000000,0x00000000ba85d710,0x00000000ba880000)
 Metaspace       used 82752K, committed 84480K, reserved 1179648K
  class space    used 8505K, committed 9280K, reserved 1048576K
}
Event: 5761.522 GC heap before
{Heap before GC invocations=1728 (full 4):
 PSYoungGen      total 9728K, used 9242K [0x00000000d5580000, 0x00000000d6180000, 0x0000000100000000)
  eden space 7168K, 100% used [0x00000000d5580000,0x00000000d5c80000,0x00000000d5c80000)
  from space 2560K, 81% used [0x00000000d5d00000,0x00000000d5f06910,0x00000000d5f80000)
  to   space 2048K, 0% used [0x00000000d5f80000,0x00000000d5f80000,0x00000000d6180000)
 ParOldGen       total 958976K, used 958837K [0x0000000080000000, 0x00000000ba880000, 0x00000000d5580000)
  object space 958976K, 99% used [0x0000000080000000,0x00000000ba85d710,0x00000000ba880000)
 Metaspace       used 82758K, committed 84480K, reserved 1179648K
  class space    used 8505K, committed 9280K, reserved 1048576K
}
Event: 5761.526 GC heap after
{Heap after GC invocations=1728 (full 4):
 PSYoungGen      total 9216K, used 1844K [0x00000000d5580000, 0x00000000d6180000, 0x0000000100000000)
  eden space 7168K, 0% used [0x00000000d5580000,0x00000000d5580000,0x00000000d5c80000)
  from space 2048K, 90% used [0x00000000d5f80000,0x00000000d614d210,0x00000000d6180000)
  to   space 2048K, 0% used [0x00000000d5d80000,0x00000000d5d80000,0x00000000d5f80000)
 ParOldGen       total 961024K, used 960714K [0x0000000080000000, 0x00000000baa80000, 0x00000000d5580000)
  object space 961024K, 99% used [0x0000000080000000,0x00000000baa32920,0x00000000baa80000)
 Metaspace       used 82758K, committed 84480K, reserved 1179648K
  class space    used 8505K, committed 9280K, reserved 1048576K
}

Dll operation events (12 events):
Event: 0.017 Loaded shared library c:\Users\ASUS\.antigravity-ide\extensions\redhat.java-1.54.0-win32-x64\jre\21.0.10-win32-x86_64\bin\java.dll
Event: 0.079 Loaded shared library c:\Users\ASUS\.antigravity-ide\extensions\redhat.java-1.54.0-win32-x64\jre\21.0.10-win32-x86_64\bin\zip.dll
Event: 0.096 Loaded shared library C:\Users\ASUS\.antigravity-ide\extensions\redhat.java-1.54.0-win32-x64\jre\21.0.10-win32-x86_64\bin\instrument.dll
Event: 0.101 Loaded shared library C:\Users\ASUS\.antigravity-ide\extensions\redhat.java-1.54.0-win32-x64\jre\21.0.10-win32-x86_64\bin\net.dll
Event: 0.103 Loaded shared library C:\Users\ASUS\.antigravity-ide\extensions\redhat.java-1.54.0-win32-x64\jre\21.0.10-win32-x86_64\bin\nio.dll
Event: 0.107 Loaded shared library C:\Users\ASUS\.antigravity-ide\extensions\redhat.java-1.54.0-win32-x64\jre\21.0.10-win32-x86_64\bin\zip.dll
Event: 0.123 Loaded shared library C:\Users\ASUS\.antigravity-ide\extensions\redhat.java-1.54.0-win32-x64\jre\21.0.10-win32-x86_64\bin\jimage.dll
Event: 0.176 Loaded shared library c:\Users\ASUS\.antigravity-ide\extensions\redhat.java-1.54.0-win32-x64\jre\21.0.10-win32-x86_64\bin\verify.dll
Event: 8.198 Loaded shared library C:\Users\ASUS\AppData\Roaming\Antigravity IDE\User\globalStorage\redhat.java\1.54.0\config_win\org.eclipse.equinox.launcher\org.eclipse.equinox.launcher.win32.win32.x86_64_1.3.0.v20260203-2149\eclipse_11919.dll
Event: 20.171 Loaded shared library C:\Users\ASUS\AppData\Local\Temp\jna-2018896\jna14335095820520252683.dll
Event: 4494.528 Loaded shared library C:\Users\ASUS\.antigravity-ide\extensions\redhat.java-1.54.0-win32-x64\jre\21.0.10-win32-x86_64\bin\extnet.dll
Event: 4494.639 Loaded shared library C:\Users\ASUS\.antigravity-ide\extensions\redhat.java-1.54.0-win32-x64\jre\21.0.10-win32-x86_64\bin\sunmscapi.dll

Deoptimization events (20 events):
Event: 5761.379 Thread 0x000001f9c7098670 DEOPT PACKING pc=0x000001f9e8495472 sp=0x00000036e0afdb70
Event: 5761.379 Thread 0x000001f9c7098670 DEOPT UNPACKING pc=0x000001f9eef878e2 sp=0x00000036e0afd0e8 mode 0
Event: 5761.428 Thread 0x000001f9c7098670 DEOPT PACKING pc=0x000001f9e8495472 sp=0x00000036e0afd540
Event: 5761.428 Thread 0x000001f9c7098670 DEOPT UNPACKING pc=0x000001f9eef878e2 sp=0x00000036e0afcab8 mode 0
Event: 5761.441 Thread 0x000001f9c7098670 DEOPT PACKING pc=0x000001f9e8495472 sp=0x00000036e0afdb70
Event: 5761.441 Thread 0x000001f9c7098670 DEOPT UNPACKING pc=0x000001f9eef878e2 sp=0x00000036e0afd0e8 mode 0
Event: 5761.449 Thread 0x000001f9c7098670 DEOPT PACKING pc=0x000001f9e8495472 sp=0x00000036e0afd5f0
Event: 5761.449 Thread 0x000001f9c7098670 DEOPT UNPACKING pc=0x000001f9eef878e2 sp=0x00000036e0afcb68 mode 0
Event: 5761.458 Thread 0x000001f9c7098670 DEOPT PACKING pc=0x000001f9e8495472 sp=0x00000036e0afda90
Event: 5761.458 Thread 0x000001f9c7098670 DEOPT UNPACKING pc=0x000001f9eef878e2 sp=0x00000036e0afd008 mode 0
Event: 5761.468 Thread 0x000001f9c7098670 DEOPT PACKING pc=0x000001f9e8495472 sp=0x00000036e0afd690
Event: 5761.468 Thread 0x000001f9c7098670 DEOPT UNPACKING pc=0x000001f9eef878e2 sp=0x00000036e0afcc08 mode 0
Event: 5761.482 Thread 0x000001f9c7098670 DEOPT PACKING pc=0x000001f9e8495472 sp=0x00000036e0afda90
Event: 5761.482 Thread 0x000001f9c7098670 DEOPT UNPACKING pc=0x000001f9eef878e2 sp=0x00000036e0afd008 mode 0
Event: 5761.494 Thread 0x000001f9c7098670 DEOPT PACKING pc=0x000001f9e8495472 sp=0x00000036e0afd540
Event: 5761.494 Thread 0x000001f9c7098670 DEOPT UNPACKING pc=0x000001f9eef878e2 sp=0x00000036e0afcab8 mode 0
Event: 5761.514 Thread 0x000001f9c7098670 DEOPT PACKING pc=0x000001f9e8495472 sp=0x00000036e0afda60
Event: 5761.514 Thread 0x000001f9c7098670 DEOPT UNPACKING pc=0x000001f9eef878e2 sp=0x00000036e0afcfd8 mode 0
Event: 5761.530 Thread 0x000001f9c7098670 DEOPT PACKING pc=0x000001f9e8495472 sp=0x00000036e0afd5f0
Event: 5761.530 Thread 0x000001f9c7098670 DEOPT UNPACKING pc=0x000001f9eef878e2 sp=0x00000036e0afcb68 mode 0

Classes loaded (20 events):
Event: 4495.030 Loading class java/util/zip/GZIPInputStream$1
Event: 4495.030 Loading class java/util/zip/GZIPInputStream$1 done
Event: 4496.550 Loading class javax/xml/transform/TransformerConfigurationException
Event: 4496.550 Loading class javax/xml/transform/TransformerConfigurationException done
Event: 4499.382 Loading class jdk/internal/module/IllegalAccessLogger
Event: 4499.382 Loading class jdk/internal/module/IllegalAccessLogger done
Event: 4510.431 Loading class jdk/internal/module/IllegalAccessLogger
Event: 4510.431 Loading class jdk/internal/module/IllegalAccessLogger done
Event: 4540.460 Loading class jdk/internal/module/IllegalAccessLogger
Event: 4540.460 Loading class jdk/internal/module/IllegalAccessLogger done
Event: 5146.215 Loading class jdk/internal/module/IllegalAccessLogger
Event: 5146.215 Loading class jdk/internal/module/IllegalAccessLogger done
Event: 5382.222 Loading class jdk/internal/module/IllegalAccessLogger
Event: 5382.222 Loading class jdk/internal/module/IllegalAccessLogger done
Event: 5442.464 Loading class jdk/internal/module/IllegalAccessLogger
Event: 5442.464 Loading class jdk/internal/module/IllegalAccessLogger done
Event: 5675.869 Loading class jdk/internal/module/IllegalAccessLogger
Event: 5675.869 Loading class jdk/internal/module/IllegalAccessLogger done
Event: 5685.293 Loading class jdk/internal/module/IllegalAccessLogger
Event: 5685.293 Loading class jdk/internal/module/IllegalAccessLogger done

Classes unloaded (20 events):
Event: 3901.918 Thread 0x000001f9fb2949a0 Unloading class 0x000001f981014800 'java/lang/invoke/LambdaForm$MH+0x000001f981014800'
Event: 3901.918 Thread 0x000001f9fb2949a0 Unloading class 0x000001f98100d800 'java/lang/invoke/LambdaForm$MH+0x000001f98100d800'
Event: 3901.918 Thread 0x000001f9fb2949a0 Unloading class 0x000001f98100d400 'java/lang/invoke/LambdaForm$MH+0x000001f98100d400'
Event: 3901.918 Thread 0x000001f9fb2949a0 Unloading class 0x000001f98100d000 'java/lang/invoke/LambdaForm$MH+0x000001f98100d000'
Event: 3901.918 Thread 0x000001f9fb2949a0 Unloading class 0x000001f98100cc00 'java/lang/invoke/LambdaForm$MH+0x000001f98100cc00'
Event: 3901.918 Thread 0x000001f9fb2949a0 Unloading class 0x000001f98100c800 'java/lang/invoke/LambdaForm$BMH+0x000001f98100c800'
Event: 3901.918 Thread 0x000001f9fb2949a0 Unloading class 0x000001f98100c000 'java/lang/invoke/LambdaForm$DMH+0x000001f98100c000'
Event: 3901.918 Thread 0x000001f9fb2949a0 Unloading class 0x000001f981008c00 'java/lang/invoke/LambdaForm$MH+0x000001f981008c00'
Event: 3901.918 Thread 0x000001f9fb2949a0 Unloading class 0x000001f981008800 'java/lang/invoke/LambdaForm$MH+0x000001f981008800'
Event: 3901.918 Thread 0x000001f9fb2949a0 Unloading class 0x000001f981008400 'java/lang/invoke/LambdaForm$MH+0x000001f981008400'
Event: 3901.918 Thread 0x000001f9fb2949a0 Unloading class 0x000001f981007000 'java/lang/invoke/LambdaForm$MH+0x000001f981007000'
Event: 3901.918 Thread 0x000001f9fb2949a0 Unloading class 0x000001f981006800 'java/lang/invoke/LambdaForm$MH+0x000001f981006800'
Event: 3901.918 Thread 0x000001f9fb2949a0 Unloading class 0x000001f981006400 'java/lang/invoke/LambdaForm$MH+0x000001f981006400'
Event: 3901.918 Thread 0x000001f9fb2949a0 Unloading class 0x000001f981006000 'java/lang/invoke/LambdaForm$MH+0x000001f981006000'
Event: 3901.918 Thread 0x000001f9fb2949a0 Unloading class 0x000001f981005c00 'java/lang/invoke/LambdaForm$BMH+0x000001f981005c00'
Event: 3901.919 Thread 0x000001f9fb2949a0 Unloading class 0x000001f981004800 'java/lang/invoke/LambdaForm$DMH+0x000001f981004800'
Event: 3901.919 Thread 0x000001f9fb2949a0 Unloading class 0x000001f981002400 'java/lang/invoke/LambdaForm$MH+0x000001f981002400'
Event: 3901.919 Thread 0x000001f9fb2949a0 Unloading class 0x000001f981002000 'java/lang/invoke/LambdaForm$MH+0x000001f981002000'
Event: 3901.919 Thread 0x000001f9fb2949a0 Unloading class 0x000001f981001800 'java/lang/invoke/LambdaForm$MH+0x000001f981001800'
Event: 3901.919 Thread 0x000001f9fb2949a0 Unloading class 0x000001f981000400 'java/lang/invoke/LambdaForm$MH+0x000001f981000400'

Classes redefined (0 events):
No events

Internal exceptions (20 events):
Event: 5675.819 Thread 0x000001f9c709add0 Exception <a 'sun/nio/fs/WindowsException'{0x00000000d57ec888}> (0x00000000d57ec888) 
thrown [s\src\hotspot\share\prims\jni.cpp, line 520]
Event: 5675.820 Thread 0x000001f9c7099a20 Exception <a 'sun/nio/fs/WindowsException'{0x00000000d57f8248}> (0x00000000d57f8248) 
thrown [s\src\hotspot\share\prims\jni.cpp, line 520]
Event: 5675.820 Thread 0x000001f9c7099a20 Exception <a 'sun/nio/fs/WindowsException'{0x00000000d57f9638}> (0x00000000d57f9638) 
thrown [s\src\hotspot\share\prims\jni.cpp, line 520]
Event: 5675.820 Thread 0x000001f9c709ef70 Exception <a 'sun/nio/fs/WindowsException'{0x00000000d580ea60}> (0x00000000d580ea60) 
thrown [s\src\hotspot\share\prims\jni.cpp, line 520]
Event: 5675.821 Thread 0x000001f9c709dbc0 Exception <a 'sun/nio/fs/WindowsException'{0x00000000d5825480}> (0x00000000d5825480) 
thrown [s\src\hotspot\share\prims\jni.cpp, line 520]
Event: 5675.821 Thread 0x000001f9c5faa350 Exception <a 'sun/nio/fs/WindowsException'{0x00000000d5895988}> (0x00000000d5895988) 
thrown [s\src\hotspot\share\prims\jni.cpp, line 520]
Event: 5675.821 Thread 0x000001f9c709f600 Exception <a 'sun/nio/fs/WindowsException'{0x00000000d5852810}> (0x00000000d5852810) 
thrown [s\src\hotspot\share\prims\jni.cpp, line 520]
Event: 5675.821 Thread 0x000001f9c5fa8fa0 Exception <a 'sun/nio/fs/WindowsException'{0x00000000d587f228}> (0x00000000d587f228) 
thrown [s\src\hotspot\share\prims\jni.cpp, line 520]
Event: 5675.821 Thread 0x000001f9c5fab700 Exception <a 'sun/nio/fs/WindowsException'{0x00000000d58d8d50}> (0x00000000d58d8d50) 
thrown [s\src\hotspot\share\prims\jni.cpp, line 520]
Event: 5675.821 Thread 0x000001f9c709e250 Exception <a 'sun/nio/fs/WindowsException'{0x00000000d5869948}> (0x00000000d5869948) 
thrown [s\src\hotspot\share\prims\jni.cpp, line 520]
Event: 5675.850 Thread 0x000001f9c709add0 Implicit null exception at 0x000001f9f081b399 to 0x000001f9f081d8e0
Event: 5675.933 Thread 0x000001f9c709add0 Exception <a 'sun/nio/fs/WindowsException'{0x00000000d60db1c0}> (0x00000000d60db1c0) 
thrown [s\src\hotspot\share\prims\jni.cpp, line 520]
Event: 5675.933 Thread 0x000001f9c709add0 Exception <a 'sun/nio/fs/WindowsException'{0x00000000d60db7d8}> (0x00000000d60db7d8) 
thrown [s\src\hotspot\share\prims\jni.cpp, line 520]
Event: 5685.237 Thread 0x000001f9c59cb1b0 Exception <a 'sun/nio/fs/WindowsException'{0x00000000d57ed8f0}> (0x00000000d57ed8f0) 
thrown [s\src\hotspot\share\prims\jni.cpp, line 520]
Event: 5685.237 Thread 0x000001f9c59cb1b0 Exception <a 'sun/nio/fs/WindowsException'{0x00000000d57edf08}> (0x00000000d57edf08) 
thrown [s\src\hotspot\share\prims\jni.cpp, line 520]
Event: 5685.241 Thread 0x000001f9c59cb1b0 Exception <a 'sun/nio/fs/WindowsException'{0x00000000d5868d50}> (0x00000000d5868d50) 
thrown [s\src\hotspot\share\prims\jni.cpp, line 520]
Event: 5685.241 Thread 0x000001f9c59cb1b0 Exception <a 'sun/nio/fs/WindowsException'{0x00000000d58698a0}> (0x00000000d58698a0) 
thrown [s\src\hotspot\share\prims\jni.cpp, line 520]
Event: 5685.343 Thread 0x000001f9fe8fe540 Exception <a 'sun/nio/fs/WindowsException'{0x00000000d5605a78}> (0x00000000d5605a78) 
thrown [s\src\hotspot\share\prims\jni.cpp, line 520]
Event: 5761.129 Thread 0x000001f9c7098670 Exception <a 'java/lang/IncompatibleClassChangeError'{0x00000000d5a7d6c8}: Found class java.lang.Object, but interface was expected> (0x00000000d5a7d6c8) 
thrown [s\src\hotspot\share\interpreter\linkResolver.cpp, line 840]
Event: 5761.269 Thread 0x000001f9c7098670 Implicit null exception at 0x000001f9f06ce377 to 0x000001f9f06ceeec

ZGC Phase Switch (0 events):
No events

VM Operations (20 events):
Event: 5761.391 Executing safepoint VM operation: ParallelGCFailedAllocation (Allocation Failure)
Event: 5761.395 Executing safepoint VM operation: ParallelGCFailedAllocation (Allocation Failure) done
Event: 5761.408 Executing safepoint VM operation: ParallelGCFailedAllocation (Allocation Failure)
Event: 5761.410 Executing safepoint VM operation: ParallelGCFailedAllocation (Allocation Failure) done
Event: 5761.431 Executing safepoint VM operation: ParallelGCFailedAllocation (Allocation Failure)
Event: 5761.434 Executing safepoint VM operation: ParallelGCFailedAllocation (Allocation Failure) done
Event: 5761.455 Executing safepoint VM operation: ParallelGCFailedAllocation (Allocation Failure)
Event: 5761.457 Executing safepoint VM operation: ParallelGCFailedAllocation (Allocation Failure) done
Event: 5761.475 Executing safepoint VM operation: ParallelGCFailedAllocation (Allocation Failure)
Event: 5761.477 Executing safepoint VM operation: ParallelGCFailedAllocation (Allocation Failure) done
Event: 5761.490 Executing safepoint VM operation: ParallelGCFailedAllocation (Allocation Failure)
Event: 5761.493 Executing safepoint VM operation: ParallelGCFailedAllocation (Allocation Failure) done
Event: 5761.522 Executing safepoint VM operation: ParallelGCFailedAllocation (Allocation Failure)
Event: 5761.526 Executing safepoint VM operation: ParallelGCFailedAllocation (Allocation Failure) done
Event: 5762.530 Executing safepoint VM operation: Cleanup
Event: 5762.530 Executing safepoint VM operation: Cleanup done
Event: 5772.936 Executing non-safepoint VM operation: HandshakeAllThreads (HandshakeForDeflation)
Event: 5772.936 Executing non-safepoint VM operation: HandshakeAllThreads (HandshakeForDeflation) done
Event: 5772.936 Executing non-safepoint VM operation: RendezvousGCThreads
Event: 5772.936 Executing non-safepoint VM operation: RendezvousGCThreads done

Memory protections (0 events):
No events

Nmethod flushes (20 events):
Event: 3902.108 Thread 0x000001f9fb2949a0 flushing  nmethod 0x000001f9e9229190
Event: 3902.108 Thread 0x000001f9fb2949a0 flushing  nmethod 0x000001f9e922aa90
Event: 3902.108 Thread 0x000001f9fb2949a0 flushing  nmethod 0x000001f9e922b890
Event: 3902.108 Thread 0x000001f9fb2949a0 flushing  nmethod 0x000001f9e922da90
Event: 3902.108 Thread 0x000001f9fb2949a0 flushing  nmethod 0x000001f9e922e810
Event: 3902.108 Thread 0x000001f9fb2949a0 flushing  nmethod 0x000001f9e924fa10
Event: 3902.108 Thread 0x000001f9fb2949a0 flushing  nmethod 0x000001f9e9259490
Event: 3902.108 Thread 0x000001f9fb2949a0 flushing  nmethod 0x000001f9e9264290
Event: 3902.108 Thread 0x000001f9fb2949a0 flushing  nmethod 0x000001f9e9277f10
Event: 3902.108 Thread 0x000001f9fb2949a0 flushing  nmethod 0x000001f9e9278790
Event: 3902.108 Thread 0x000001f9fb2949a0 flushing  nmethod 0x000001f9e9278f10
Event: 3902.108 Thread 0x000001f9fb2949a0 flushing  nmethod 0x000001f9e927ae90
Event: 3902.108 Thread 0x000001f9fb2949a0 flushing  nmethod 0x000001f9e9285590
Event: 3902.108 Thread 0x000001f9fb2949a0 flushing osr nmethod 0x000001f9e9285d10
Event: 3902.108 Thread 0x000001f9fb2949a0 flushing  nmethod 0x000001f9e9287b10
Event: 3902.108 Thread 0x000001f9fb2949a0 flushing  nmethod 0x000001f9e928d290
Event: 3902.108 Thread 0x000001f9fb2949a0 flushing  nmethod 0x000001f9e92cac90
Event: 3902.108 Thread 0x000001f9fb2949a0 flushing  nmethod 0x000001f9e92d9010
Event: 3902.108 Thread 0x000001f9fb2949a0 flushing  nmethod 0x000001f9e9fb9910
Event: 3902.108 Thread 0x000001f9fb2949a0 flushing  nmethod 0x000001f9ea0a0b90

Events (20 events):
Event: 5675.904 Thread 0x000001f9e48bc900 Thread added: 0x000001f9fdbe6690
Event: 5675.904 Thread 0x000001f9c709add0 Thread added: 0x000001f9fe8fd820
Event: 5675.904 Thread 0x000001f9c709add0 Thread added: 0x000001f9c5123ba0
Event: 5675.906 Thread 0x000001f9c709add0 Thread added: 0x000001f9c5122e80
Event: 5675.907 Thread 0x000001f9c709add0 Thread added: 0x000001f9fdb5e150
Event: 5681.040 Thread 0x000001f9fdbe6690 Thread exited: 0x000001f9fdbe6690
Event: 5734.946 Thread 0x000001f9c709baf0 Thread exited: 0x000001f9c709baf0
Event: 5735.825 Thread 0x000001f9c7099a20 Thread exited: 0x000001f9c7099a20
Event: 5745.299 Thread 0x000001f9c59ca490 Thread exited: 0x000001f9c59ca490
Event: 5755.981 Thread 0x000001f9c709add0 Thread exited: 0x000001f9c709add0
Event: 5761.039 Thread 0x000001f9c709cea0 Thread added: 0x000001f9c709baf0
Event: 5761.039 Thread 0x000001f9c709baf0 Thread added: 0x000001f9c7099a20
Event: 5761.040 Thread 0x000001f9c7099a20 Thread added: 0x000001f9c709add0
Event: 5761.041 Thread 0x000001f9c709add0 Thread added: 0x000001f9c59ca490
Event: 5761.302 Thread 0x000001f9e48bc900 Thread added: 0x000001f9c8b17590
Event: 5761.379 Thread 0x000001f9e48bc900 Thread added: 0x000001f9c64be900
Event: 5766.634 Thread 0x000001f9c64be900 Thread exited: 0x000001f9c64be900
Event: 5766.681 Thread 0x000001f9c8b17590 Thread exited: 0x000001f9c8b17590
Event: 5795.839 Thread 0x000001f9c5faa350 Thread exited: 0x000001f9c5faa350
Event: 5821.547 Thread 0x000001f9c7098670 Thread exited: 0x000001f9c7098670


Dynamic libraries:
0x00007ff629950000 - 0x00007ff62995e000 	c:\Users\ASUS\.antigravity-ide\extensions\redhat.java-1.54.0-win32-x64\jre\21.0.10-win32-x86_64\bin\java.exe
0x00007ffb71c20000 - 0x00007ffb71e86000 	C:\WINDOWS\SYSTEM32\ntdll.dll
0x00007ffb6fe00000 - 0x00007ffb6fec9000 	C:\WINDOWS\System32\KERNEL32.DLL
0x00007ffb6f590000 - 0x00007ffb6f98a000 	C:\WINDOWS\System32\KERNELBASE.dll
0x00007ffb6f390000 - 0x00007ffb6f4dc000 	C:\WINDOWS\System32\ucrtbase.dll
0x00007ffb5e0e0000 - 0x00007ffb5e0f8000 	c:\Users\ASUS\.antigravity-ide\extensions\redhat.java-1.54.0-win32-x64\jre\21.0.10-win32-x86_64\bin\jli.dll
0x00007ffb703d0000 - 0x00007ffb70597000 	C:\WINDOWS\System32\USER32.dll
0x00007ffb6f1a0000 - 0x00007ffb6f1c7000 	C:\WINDOWS\System32\win32u.dll
0x00007ffb6fd20000 - 0x00007ffb6fd4b000 	C:\WINDOWS\System32\GDI32.dll
0x00007ffb6f1d0000 - 0x00007ffb6f2fb000 	C:\WINDOWS\System32\gdi32full.dll
0x00007ffb5b6f0000 - 0x00007ffb5b70e000 	c:\Users\ASUS\.antigravity-ide\extensions\redhat.java-1.54.0-win32-x64\jre\21.0.10-win32-x86_64\bin\VCRUNTIME140.dll
0x00007ffb6eeb0000 - 0x00007ffb6ef53000 	C:\WINDOWS\System32\msvcp_win.dll
0x00007ffb6e140000 - 0x00007ffb6e3d2000 	C:\WINDOWS\WinSxS\amd64_microsoft.windows.common-controls_6595b64144ccf1df_6.0.26100.8521_none_3e08b75ce33403b3\COMCTL32.dll
0x00007ffb70b50000 - 0x00007ffb70bf9000 	C:\WINDOWS\System32\msvcrt.dll
0x00007ffb71a90000 - 0x00007ffb71ac2000 	C:\WINDOWS\System32\IMM32.DLL
0x00007ffb62b90000 - 0x00007ffb62b9c000 	c:\Users\ASUS\.antigravity-ide\extensions\redhat.java-1.54.0-win32-x64\jre\21.0.10-win32-x86_64\bin\vcruntime140_1.dll
0x00007ffb22660000 - 0x00007ffb226ed000 	c:\Users\ASUS\.antigravity-ide\extensions\redhat.java-1.54.0-win32-x64\jre\21.0.10-win32-x86_64\bin\msvcp140.dll
0x00007ffabd070000 - 0x00007ffabde11000 	c:\Users\ASUS\.antigravity-ide\extensions\redhat.java-1.54.0-win32-x64\jre\21.0.10-win32-x86_64\bin\server\jvm.dll
0x00007ffb70ee0000 - 0x00007ffb70f96000 	C:\WINDOWS\System32\ADVAPI32.dll
0x00007ffb70c00000 - 0x00007ffb70caa000 	C:\WINDOWS\System32\sechost.dll
0x00007ffb70d70000 - 0x00007ffb70e88000 	C:\WINDOWS\System32\RPCRT4.dll
0x00007ffb6fd70000 - 0x00007ffb6fdf0000 	C:\WINDOWS\System32\WS2_32.dll
0x00007ffb6e710000 - 0x00007ffb6e76e000 	C:\WINDOWS\SYSTEM32\POWRPROF.dll
0x00007ffb5b780000 - 0x00007ffb5b7b6000 	C:\WINDOWS\SYSTEM32\WINMM.dll
0x00007ffb5efd0000 - 0x00007ffb5efdb000 	C:\WINDOWS\SYSTEM32\VERSION.dll
0x00007ffb6e5e0000 - 0x00007ffb6e5f4000 	C:\WINDOWS\SYSTEM32\UMPDC.dll
0x00007ffb6d3a0000 - 0x00007ffb6d3bb000 	C:\WINDOWS\SYSTEM32\kernel.appcore.dll
0x00007ffb628c0000 - 0x00007ffb628ca000 	c:\Users\ASUS\.antigravity-ide\extensions\redhat.java-1.54.0-win32-x64\jre\21.0.10-win32-x86_64\bin\jimage.dll
0x00007ffb6e780000 - 0x00007ffb6e9c2000 	C:\WINDOWS\SYSTEM32\DBGHELP.DLL
0x00007ffb6f990000 - 0x00007ffb6fd13000 	C:\WINDOWS\System32\combase.dll
0x00007ffb709e0000 - 0x00007ffb70ab9000 	C:\WINDOWS\System32\OLEAUT32.dll
0x00007ffb6e600000 - 0x00007ffb6e63b000 	C:\WINDOWS\SYSTEM32\dbgcore.DLL
0x00007ffb6f4e0000 - 0x00007ffb6f588000 	C:\WINDOWS\System32\bcryptPrimitives.dll
0x00007ffb569d0000 - 0x00007ffb569df000 	c:\Users\ASUS\.antigravity-ide\extensions\redhat.java-1.54.0-win32-x64\jre\21.0.10-win32-x86_64\bin\instrument.dll
0x00007ffb4f270000 - 0x00007ffb4f290000 	c:\Users\ASUS\.antigravity-ide\extensions\redhat.java-1.54.0-win32-x64\jre\21.0.10-win32-x86_64\bin\java.dll
0x00007ffb71010000 - 0x00007ffb71794000 	C:\WINDOWS\System32\SHELL32.dll
0x00007ffb6c000000 - 0x00007ffb6c880000 	C:\WINDOWS\SYSTEM32\windows.storage.dll
0x00007ffb71900000 - 0x00007ffb719f6000 	C:\WINDOWS\System32\SHCORE.dll
0x00007ffb70fa0000 - 0x00007ffb71007000 	C:\WINDOWS\System32\shlwapi.dll
0x00007ffb6edd0000 - 0x00007ffb6edf9000 	C:\WINDOWS\SYSTEM32\profapi.dll
0x00007ffb4da30000 - 0x00007ffb4da48000 	c:\Users\ASUS\.antigravity-ide\extensions\redhat.java-1.54.0-win32-x64\jre\21.0.10-win32-x86_64\bin\zip.dll
0x00007ffb569c0000 - 0x00007ffb569d0000 	C:\Users\ASUS\.antigravity-ide\extensions\redhat.java-1.54.0-win32-x64\jre\21.0.10-win32-x86_64\bin\net.dll
0x00007ffb619c0000 - 0x00007ffb61ae9000 	C:\WINDOWS\SYSTEM32\WINHTTP.dll
0x00007ffb6d8d0000 - 0x00007ffb6d93c000 	C:\WINDOWS\system32\mswsock.dll
0x00007ffb49f10000 - 0x00007ffb49f26000 	C:\Users\ASUS\.antigravity-ide\extensions\redhat.java-1.54.0-win32-x64\jre\21.0.10-win32-x86_64\bin\nio.dll
0x00007ffb561c0000 - 0x00007ffb561d0000 	c:\Users\ASUS\.antigravity-ide\extensions\redhat.java-1.54.0-win32-x64\jre\21.0.10-win32-x86_64\bin\verify.dll
0x00007ffb22c40000 - 0x00007ffb22c85000 	C:\Users\ASUS\AppData\Roaming\Antigravity IDE\User\globalStorage\redhat.java\1.54.0\config_win\org.eclipse.equinox.launcher\org.eclipse.equinox.launcher.win32.win32.x86_64_1.3.0.v20260203-2149\eclipse_11919.dll
0x00007ffb705a0000 - 0x00007ffb70738000 	C:\WINDOWS\System32\ole32.dll
0x00007ffb6eaf0000 - 0x00007ffb6eb0b000 	C:\WINDOWS\SYSTEM32\CRYPTSP.dll
0x00007ffb6da10000 - 0x00007ffb6da49000 	C:\WINDOWS\system32\rsaenh.dll
0x00007ffb6d980000 - 0x00007ffb6d9b3000 	C:\WINDOWS\SYSTEM32\USERENV.dll
0x00007ffb6eda0000 - 0x00007ffb6edca000 	C:\WINDOWS\SYSTEM32\bcrypt.dll
0x00007ffb6dbf0000 - 0x00007ffb6dbfc000 	C:\WINDOWS\SYSTEM32\CRYPTBASE.dll
0x00007ffb6ce50000 - 0x00007ffb6ce83000 	C:\WINDOWS\SYSTEM32\IPHLPAPI.DLL
0x00007ffb71bd0000 - 0x00007ffb71bda000 	C:\WINDOWS\System32\NSI.dll
0x00007ffb4db30000 - 0x00007ffb4db79000 	C:\Users\ASUS\AppData\Local\Temp\jna-2018896\jna14335095820520252683.dll
0x00007ffb70740000 - 0x00007ffb70748000 	C:\WINDOWS\System32\PSAPI.DLL
0x00007ffb61e60000 - 0x00007ffb61e7d000 	C:\WINDOWS\SYSTEM32\dhcpcsvc6.DLL
0x00007ffb61cd0000 - 0x00007ffb61cf5000 	C:\WINDOWS\SYSTEM32\dhcpcsvc.DLL
0x00007ffb6ceb0000 - 0x00007ffb6cffa000 	C:\WINDOWS\SYSTEM32\DNSAPI.dll
0x00007ffb6d6f0000 - 0x00007ffb6d6fd000 	C:\WINDOWS\SYSTEM32\DSPARSE.dll
0x00007ffb60fb0000 - 0x00007ffb60fbb000 	C:\Windows\System32\rasadhlp.dll
0x00007ffb630c0000 - 0x00007ffb63146000 	C:\WINDOWS\System32\fwpuclnt.dll
0x00007ffb6a500000 - 0x00007ffb6a509000 	C:\Users\ASUS\.antigravity-ide\extensions\redhat.java-1.54.0-win32-x64\jre\21.0.10-win32-x86_64\bin\extnet.dll
0x00007ffb6a480000 - 0x00007ffb6a48e000 	C:\Users\ASUS\.antigravity-ide\extensions\redhat.java-1.54.0-win32-x64\jre\21.0.10-win32-x86_64\bin\sunmscapi.dll
0x00007ffb6ef60000 - 0x00007ffb6f0d8000 	C:\WINDOWS\System32\CRYPT32.dll
0x00007ffb6df40000 - 0x00007ffb6df70000 	C:\WINDOWS\SYSTEM32\ncrypt.dll
0x00007ffb6def0000 - 0x00007ffb6df2f000 	C:\WINDOWS\SYSTEM32\NTASN1.dll

JVMTI agents:
c:\Users\ASUS\.antigravity-ide\extensions\redhat.java-1.54.0-win32-x64\lombok\lombok-1.18.39-4050.jar path:c:\Users\ASUS\.antigravity-ide\extensions\redhat.java-1.54.0-win32-x64\jre\21.0.10-win32-x86_64\bin\instrument.dll, loaded, initialized, instrumentlib options:none

dbghelp: loaded successfully - version: 4.0.5 - missing functions: none
symbol engine: initialized successfully - sym options: 0x614 - pdb path: .;c:\Users\ASUS\.antigravity-ide\extensions\redhat.java-1.54.0-win32-x64\jre\21.0.10-win32-x86_64\bin;C:\WINDOWS\SYSTEM32;C:\WINDOWS\WinSxS\amd64_microsoft.windows.common-controls_6595b64144ccf1df_6.0.26100.8521_none_3e08b75ce33403b3;c:\Users\ASUS\.antigravity-ide\extensions\redhat.java-1.54.0-win32-x64\jre\21.0.10-win32-x86_64\bin\server;C:\Users\ASUS\AppData\Roaming\Antigravity IDE\User\globalStorage\redhat.java\1.54.0\config_win\org.eclipse.equinox.launcher\org.eclipse.equinox.launcher.win32.win32.x86_64_1.3.0.v20260203-2149;C:\Users\ASUS\AppData\Local\Temp\jna-2018896

VM Arguments:
jvm_args: --add-modules=ALL-SYSTEM --add-opens=java.base/java.util=ALL-UNNAMED --add-opens=java.base/java.lang=ALL-UNNAMED --add-opens=java.base/sun.nio.fs=ALL-UNNAMED -Declipse.application=org.eclipse.jdt.ls.core.id1 -Dosgi.bundles.defaultStartLevel=4 -Declipse.product=org.eclipse.jdt.ls.core.product -Djava.import.generatesMetadataFilesAtProjectRoot=false -DDetectVMInstallationsJob.disabled=true -Dfile.encoding=utf8 -XX:+UseParallelGC -XX:GCTimeRatio=4 -XX:AdaptiveSizePolicyWeight=90 -Dsun.zip.disableMemoryMapping=true -Xmx2G -Xms100m -Xlog:disable -javaagent:c:\Users\ASUS\.antigravity-ide\extensions\redhat.java-1.54.0-win32-x64\lombok\lombok-1.18.39-4050.jar -XX:+HeapDumpOnOutOfMemoryError -XX:HeapDumpPath=c:\Users\ASUS\AppData\Roaming\Antigravity IDE\User\workspaceStorage\38b01496c0394462420171b662720803\redhat.java -Daether.dependencyCollector.impl=bf 
java_command: c:\Users\ASUS\.antigravity-ide\extensions\redhat.java-1.54.0-win32-x64\server\plugins\org.eclipse.equinox.launcher_1.7.100.v20251111-0406.jar -configuration c:\Users\ASUS\AppData\Roaming\Antigravity IDE\User\globalStorage\redhat.java\1.54.0\config_win -data c:\Users\ASUS\AppData\Roaming\Antigravity IDE\User\workspaceStorage\38b01496c0394462420171b662720803\redhat.java\jdt_ws --pipe=\\.\pipe\lsp-8dbedaf88078b4129f6b44e35c0a8ed8-sock
java_class_path (initial): c:\Users\ASUS\.antigravity-ide\extensions\redhat.java-1.54.0-win32-x64\server\plugins\org.eclipse.equinox.launcher_1.7.100.v20251111-0406.jar
Launcher Type: SUN_STANDARD

[Global flags]
    uintx AdaptiveSizePolicyWeight                 = 90                                        {product} {command line}
     intx CICompilerCount                          = 4                                         {product} {ergonomic}
    uintx GCTimeRatio                              = 4                                         {product} {command line}
     bool HeapDumpOnOutOfMemoryError               = true                                   {manageable} {command line}
    ccstr HeapDumpPath                             = c:\Users\ASUS\AppData\Roaming\Antigravity IDE\User\workspaceStorage\38b01496c0394462420171b662720803\redhat.java         {manageable} {command line}
   size_t InitialHeapSize                          = 104857600                                 {product} {command line}
   size_t MaxHeapSize                              = 2147483648                                {product} {command line}
   size_t MaxNewSize                               = 715653120                                 {product} {ergonomic}
   size_t MinHeapDeltaBytes                        = 524288                                    {product} {ergonomic}
   size_t MinHeapSize                              = 104857600                                 {product} {command line}
   size_t NewSize                                  = 34603008                                  {product} {ergonomic}
    uintx NonNMethodCodeHeapSize                   = 5839372                                {pd product} {ergonomic}
    uintx NonProfiledCodeHeapSize                  = 122909434                              {pd product} {ergonomic}
   size_t OldSize                                  = 70254592                                  {product} {ergonomic}
    uintx ProfiledCodeHeapSize                     = 122909434                              {pd product} {ergonomic}
    uintx ReservedCodeCacheSize                    = 251658240                              {pd product} {ergonomic}
     bool SegmentedCodeCache                       = true                                      {product} {ergonomic}
   size_t SoftMaxHeapSize                          = 2147483648                             {manageable} {ergonomic}
     bool UseCompressedOops                        = true                           {product lp64_product} {ergonomic}
     bool UseLargePagesIndividualAllocation        = false                                  {pd product} {ergonomic}
     bool UseParallelGC                            = true                                      {product} {command line}

Logging:
Log output configuration:
 #0: stdout all=off uptime,level,tags foldmultilines=false
 #1: stderr all=off uptime,level,tags foldmultilines=false

Release file:
JAVA_VERSION="21.0.10" 
MODULES="java.base java.compiler java.datatransfer java.xml java.prefs java.desktop java.instrument java.logging java.management java.security.sasl java.naming java.rmi java.management.rmi java.net.http java.scripting java.security.jgss java.transaction.xa java.sql java.sql.rowset java.xml.crypto java.se java.smartcardio jdk.accessibility jdk.internal.jvmstat jdk.attach jdk.charsets jdk.internal.opt jdk.zipfs jdk.compiler jdk.crypto.ec jdk.crypto.cryptoki jdk.crypto.mscapi jdk.dynalink jdk.internal.ed jdk.editpad jdk.hotspot.agent jdk.httpserver jdk.internal.le jdk.internal.vm.ci jdk.internal.vm.compiler jdk.internal.vm.compiler.management jdk.jartool jdk.javadoc jdk.jcmd jdk.management jdk.management.agent jdk.jconsole jdk.jdeps jdk.jdwp.agent jdk.jdi jdk.jfr jdk.jshell jdk.jsobject jdk.jstatd jdk.localedata jdk.management.jfr jdk.naming.dns jdk.naming.rmi jdk.net jdk.nio.mapmode jdk.random jdk.sctp jdk.security.auth jdk.security.jgss jdk.unsupported jdk.unsupported.desktop jdk.xml.dom" 

Environment Variables:
PATH=C:\Program Files\Common Files\Oracle\Java\javapath;C:\Program Files (x86)\Common Files\Oracle\Java\java8path;C:\Program Files (x86)\Common Files\Oracle\Java\javapath;C:\Windows\system32;C:\Windows;C:\Windows\System32\Wbem;C:\Windows\System32\WindowsPowerShell\v1.0\;C:\Windows\System32\OpenSSH\;C:\Program Files (x86)\NVIDIA Corporation\PhysX\Common;C:\Program Files\NVIDIA Corporation\NVIDIA NvDLISR;C:\Program Files\Microsoft SQL Server\150\Tools\Binn\;C:\Program Files\Microsoft SQL Server\Client SDK\ODBC\170\Tools\Binn\;C:\Program Files\dotnet\;c:\Program Files (x86)\Microsoft SQL Server\110\Tools\Binn\ManagementStudio\;c:\Program Files (x86)\Microsoft SQL Server\110\Tools\Binn\;c:\Program Files\Microsoft SQL Server\110\Tools\Binn\;c:\Program Files (x86)\Microsoft SQL Server\110\DTS\Binn\;C:\Program Files (x86)\Microsoft SQL Server\160\Tools\Binn\;C:\Program Files\Microsoft SQL Server\160\Tools\Binn\;C:\Program Files\Microsoft SQL Server\160\DTS\Binn\;C:\xampp\php;C:\ProgramData\ComposerSetup\bin;C:\WINDOWS\system32;C:\WINDOWS;C:\WINDOWS\System32\Wbem;C:\WINDOWS\System32\WindowsPowerShell\v1.0\;C:\WINDOWS\System32\OpenSSH\;C:\Users\ASUS\AppData\Local\nvm;C:\nvm4w\nodejs;C:\Program Files\Git\cmd;C:\Program Files (x86)\Windows Kits\10\Windows Performance Toolkit\;C:\ProgramData\chocolatey\bin;C:\Program Files\nodejs\;C:\apache-maven-3.9.11\bin;C:\Program Files\Go\bin;C:\Program Files\Docker\Docker\resources\bin;C:\Program Files (x86)\Microsoft SQL Server\160\DTS\Binn\;C:\Users\ASUS\AppData\Local\Programs\Python\Python314\Scripts\;C:\Users\ASUS\AppData\Local\Programs\Python\Python314\;C:\Users\ASUS\AppData\Local\Programs\Python\Launcher\;C:\Users\ASUS\AppData\Local\Microsoft\WindowsApps;C:\Users\ASUS\AppData\Local\Programs\Microsoft VS Code\bin;C:\Users\ASUS\AppData\Roaming\Composer\vendor\bin;C:\Users\ASUS\AppData\Local\nvm;C:\nvm4w\nodejs;C:\Users\ASUS\AppData\Roaming\npm;C:\Users\ASUS\AppData\Local\Programs\Antigravity\bin;C:\Users\ASUS\go\bin;C:\Users\ASUS\.dotnet\tools;C:\Users\ASUS\AppData\Local\Programs\Antigravity IDE\bin;C:\Users\ASUS\AppData\Local\Programs\cursor\resources\app\bin
USERNAME=ASUS
OS=Windows_NT
PROCESSOR_IDENTIFIER=Intel64 Family 6 Model 141 Stepping 1, GenuineIntel
TMP=C:\Users\ASUS\AppData\Local\Temp
TEMP=C:\Users\ASUS\AppData\Local\Temp




Periodic native trim disabled

---------------  S Y S T E M  ---------------

OS:
 Windows 11 , 64 bit Build 26100 (10.0.26100.8521)
OS uptime: 0 days 20:35 hours
Hyper-V role detected

CPU: total 12 (initial active 12) (6 cores per cpu, 2 threads per core) family 6 model 141 stepping 1 microcode 0x50, cx8, cmov, fxsr, ht, mmx, 3dnowpref, sse, sse2, sse3, ssse3, sse4.1, sse4.2, popcnt, lzcnt, tsc, tscinvbit, avx, avx2, aes, erms, clmul, bmi1, bmi2, adx, avx512f, avx512dq, avx512cd, avx512bw, avx512vl, sha, fma, vzeroupper, avx512_vpopcntdq, avx512_vpclmulqdq, avx512_vaes, avx512_vnni, clflush, clflushopt, clwb, avx512_vbmi2, avx512_vbmi, hv, rdtscp, rdpid, fsrm, gfni, avx512_bitalg, f16c, cet_ibt, cet_ss, avx512_ifma
Processor Information for the first 12 processors :
  Max Mhz: 2688, Current Mhz: 2688, Mhz Limit: 2688

Memory: 4k page, system-wide physical 16106M (1703M free)
TotalPageFile size 32656M (AvailPageFile size 5M)
current process WorkingSet (physical memory assigned to process): 276M, peak: 687M
current process commit charge ("private bytes"): 1338M, peak: 1344M

vm_info: OpenJDK 64-Bit Server VM (21.0.10+7-LTS) for windows-amd64 JRE (21.0.10+7-LTS), built on 2026-01-20T00:00:00Z by "admin" with MS VC++ 17.12 (VS2022)

END.
