#
# There is insufficient memory for the Java Runtime Environment to continue.
# Native memory allocation (malloc) failed to allocate 1123456 bytes for Chunk::new
# Possible reasons:
#   The system is out of physical RAM or swap space
#   The process is running with CompressedOops enabled, and the Java Heap may be blocking the growth of the native heap
# Possible solutions:
#   Reduce memory load on the system
#   Increase physical memory or swap space
#   Check if swap backing store is full
#   Decrease Java heap size (-Xmx/-Xms)
#   Decrease number of Java threads
#   Decrease Java thread stack sizes (-Xss)
#   Set larger code cache with -XX:ReservedCodeCacheSize=
#   JVM is running with Zero Based Compressed Oops mode in which the Java heap is
#     placed in the first 32GB address space. The Java Heap base address is the
#     maximum limit for the native heap growth. Please use -XX:HeapBaseMinAddress
#     to set the Java Heap base and to place the Java Heap above 32GB virtual address.
# This output file may be truncated or incomplete.
#
#  Out of Memory Error (arena.cpp:168), pid=20052, tid=29212
#
# JRE version: Java(TM) SE Runtime Environment (21.0.9+7) (build 21.0.9+7-LTS-338)
# Java VM: Java HotSpot(TM) 64-Bit Server VM (21.0.9+7-LTS-338, mixed mode, sharing, tiered, compressed oops, compressed class ptrs, g1 gc, windows-amd64)
# No core dump will be written. Minidumps are not enabled by default on client versions of Windows
#

---------------  S U M M A R Y ------------

Command Line: -Dmaven.multiModuleProjectDirectory=D:\Web2_\e-commerce-microservices\order-service org.apache.maven.wrapper.MavenWrapperMain spring-boot:run

Host: 11th Gen Intel(R) Core(TM) i5-11400H @ 2.70GHz, 12 cores, 15G,  Windows 11 , 64 bit Build 26100 (10.0.26100.8521)
Time: Tue Jul 14 16:38:23 2026 SE Asia Standard Time elapsed time: 12.348858 seconds (0d 0h 0m 12s)

---------------  T H R E A D  ---------------

Current thread (0x0000020cc5128850):  JavaThread "C2 CompilerThread0" daemon [_thread_in_native, id=29212, stack(0x00000038bec00000,0x00000038bed00000) (1024K)]


Current CompileTask:
C2:  12348 5277       4       org.apache.maven.model.inheritance.DefaultInheritanceAssembler$InheritanceModelMerger::mergePluginContainer_Plugins (433 bytes)

Stack: [0x00000038bec00000,0x00000038bed00000]
Native frames: (J=compiled Java code, j=interpreted, Vv=VM code, C=native code)
V  [jvm.dll+0x6cbf89]
V  [jvm.dll+0x858421]
V  [jvm.dll+0x85a94e]
V  [jvm.dll+0x85b023]
V  [jvm.dll+0x27ebc6]
V  [jvm.dll+0xc4f4d]
V  [jvm.dll+0xc5483]
V  [jvm.dll+0x2f1f8d]
V  [jvm.dll+0x5f6cea]
V  [jvm.dll+0x2506d2]
V  [jvm.dll+0x249153]
V  [jvm.dll+0x246b14]
V  [jvm.dll+0x1c7a3e]
V  [jvm.dll+0x256329]
V  [jvm.dll+0x2548ba]
V  [jvm.dll+0x3efdee]
V  [jvm.dll+0x80265b]
V  [jvm.dll+0x6ca66d]
C  [ucrtbase.dll+0x2cd30]
C  [KERNEL32.DLL+0x2e957]
C  [ntdll.dll+0x87c1c]


---------------  P R O C E S S  ---------------

Threads class SMR info:
_java_thread_list=0x0000020cc66fb1c0, length=12, elements={
0x0000020cd99751a0, 0x0000020cfb193470, 0x0000020cfb197cb0, 0x0000020cfb199c00,
0x0000020cfb19a5d0, 0x0000020cfb1a33b0, 0x0000020cfb1c7b70, 0x0000020cc5128850,
0x0000020cc5138f10, 0x0000020cc52bda80, 0x0000020cc52bef80, 0x0000020cc744afe0
}

Java Threads: ( => current thread )
  0x0000020cd99751a0 JavaThread "main"                              [_thread_in_Java, id=13500, stack(0x00000038bde00000,0x00000038bdf00000) (1024K)]
  0x0000020cfb193470 JavaThread "Reference Handler"          daemon [_thread_blocked, id=9108, stack(0x00000038be600000,0x00000038be700000) (1024K)]
  0x0000020cfb197cb0 JavaThread "Finalizer"                  daemon [_thread_blocked, id=23332, stack(0x00000038be700000,0x00000038be800000) (1024K)]
  0x0000020cfb199c00 JavaThread "Signal Dispatcher"          daemon [_thread_blocked, id=10360, stack(0x00000038be800000,0x00000038be900000) (1024K)]
  0x0000020cfb19a5d0 JavaThread "Attach Listener"            daemon [_thread_blocked, id=11056, stack(0x00000038be900000,0x00000038bea00000) (1024K)]
  0x0000020cfb1a33b0 JavaThread "Service Thread"             daemon [_thread_blocked, id=14052, stack(0x00000038bea00000,0x00000038beb00000) (1024K)]
  0x0000020cfb1c7b70 JavaThread "Monitor Deflation Thread"   daemon [_thread_blocked, id=27056, stack(0x00000038beb00000,0x00000038bec00000) (1024K)]
=>0x0000020cc5128850 JavaThread "C2 CompilerThread0"         daemon [_thread_in_native, id=29212, stack(0x00000038bec00000,0x00000038bed00000) (1024K)]
  0x0000020cc5138f10 JavaThread "C1 CompilerThread0"         daemon [_thread_blocked, id=23572, stack(0x00000038bed00000,0x00000038bee00000) (1024K)]
  0x0000020cc52bda80 JavaThread "Notification Thread"        daemon [_thread_blocked, id=25860, stack(0x00000038bee00000,0x00000038bef00000) (1024K)]
  0x0000020cc52bef80 JavaThread "Common-Cleaner"             daemon [_thread_blocked, id=12540, stack(0x00000038bef00000,0x00000038bf000000) (1024K)]
  0x0000020cc744afe0 JavaThread "C2 CompilerThread1"         daemon [_thread_blocked, id=18168, stack(0x00000038bf000000,0x00000038bf100000) (1024K)]
Total: 12

Other Threads:
  0x0000020cfb174f70 VMThread "VM Thread"                           [id=5280, stack(0x00000038be500000,0x00000038be600000) (1024K)]
  0x0000020cfb1603f0 WatcherThread "VM Periodic Task Thread"        [id=17692, stack(0x00000038be400000,0x00000038be500000) (1024K)]
  0x0000020cd997a110 WorkerThread "GC Thread#0"                     [id=16236, stack(0x00000038bdf00000,0x00000038be000000) (1024K)]
  0x0000020cfb1756d0 WorkerThread "GC Thread#1"                     [id=4652, stack(0x00000038bf200000,0x00000038bf300000) (1024K)]
  0x0000020cfb175320 WorkerThread "GC Thread#2"                     [id=5472, stack(0x00000038bf300000,0x00000038bf400000) (1024K)]
  0x0000020cfb174810 WorkerThread "GC Thread#3"                     [id=33600, stack(0x00000038bf400000,0x00000038bf500000) (1024K)]
  0x0000020cfb175e30 WorkerThread "GC Thread#4"                     [id=14020, stack(0x00000038bf500000,0x00000038bf600000) (1024K)]
  0x0000020cfb175a80 WorkerThread "GC Thread#5"                     [id=26008, stack(0x00000038bf600000,0x00000038bf700000) (1024K)]
  0x0000020cfb174460 WorkerThread "GC Thread#6"                     [id=10952, stack(0x00000038bf700000,0x00000038bf800000) (1024K)]
  0x0000020cfb174bc0 WorkerThread "GC Thread#7"                     [id=31236, stack(0x00000038bf800000,0x00000038bf900000) (1024K)]
  0x0000020cc613bf40 WorkerThread "GC Thread#8"                     [id=5912, stack(0x00000038bf900000,0x00000038bfa00000) (1024K)]
  0x0000020cc6138440 WorkerThread "GC Thread#9"                     [id=5372, stack(0x00000038bfa00000,0x00000038bfb00000) (1024K)]
  0x0000020cd9f410b0 ConcurrentGCThread "G1 Main Marker"            [id=15372, stack(0x00000038be000000,0x00000038be100000) (1024K)]
  0x0000020cd9f42950 WorkerThread "G1 Conc#0"                       [id=22272, stack(0x00000038be100000,0x00000038be200000) (1024K)]
  0x0000020cfb0323a0 ConcurrentGCThread "G1 Refine#0"               [id=19636, stack(0x00000038be200000,0x00000038be300000) (1024K)]
  0x0000020cfb0348f0 ConcurrentGCThread "G1 Service"                [id=31232, stack(0x00000038be300000,0x00000038be400000) (1024K)]
Total: 16

Threads with active compile tasks:
C2 CompilerThread0    12375 5277       4       org.apache.maven.model.inheritance.DefaultInheritanceAssembler$InheritanceModelMerger::mergePluginContainer_Plugins (433 bytes)
C2 CompilerThread1    12375 5313       4       org.apache.maven.model.building.DefaultModelBuildingRequest::getSystemProperties (23 bytes)
Total: 2

VM state: not at safepoint (normal execution)

VM Mutex/Monitor currently owned by a thread: None

Heap address: 0x0000000704400000, size: 4028 MB, Compressed Oops mode: Zero based, Oop shift amount: 3

CDS archive(s) mapped at: [0x0000020c80000000-0x0000020c80c90000-0x0000020c80c90000), size 13172736, SharedBaseAddress: 0x0000020c80000000, ArchiveRelocationMode: 1.
Compressed class space mapped at: 0x0000020c81000000-0x0000020cc1000000, reserved size: 1073741824
Narrow klass base: 0x0000020c80000000, Narrow klass shift: 0, Narrow klass range: 0x100000000

GC Precious Log:
 CardTable entry size: 512
 Card Set container configuration: InlinePtr #cards 4 size 8 Array Of Cards #cards 16 size 48 Howl #buckets 8 coarsen threshold 3686 Howl Bitmap #cards 512 size 80 coarsen threshold 460 Card regions per heap region 1 cards per card region 4096
 CPUs: 12 total, 12 available
 Memory: 16106M
 Large Page Support: Disabled
 NUMA Support: Disabled
 Compressed Oops: Enabled (Zero based)
 Heap Region Size: 2M
 Heap Min Capacity: 8M
 Heap Initial Capacity: 252M
 Heap Max Capacity: 4028M
 Pre-touch: Disabled
 Parallel Workers: 10
 Concurrent Workers: 3
 Concurrent Refinement Workers: 10
 Periodic GC: Disabled

Heap:
 garbage-first heap   total 258048K, used 115839K [0x0000000704400000, 0x0000000800000000)
  region size 2048K, 40 young (81920K), 10 survivors (20480K)
 Metaspace       used 19058K, committed 19392K, reserved 1114112K
  class space    used 2044K, committed 2176K, reserved 1048576K

Heap Regions: E=young(eden), S=young(survivor), O=old, HS=humongous(starts), HC=humongous(continues), CS=collection set, F=free, TAMS=top-at-mark-start, PB=parsable bottom
|   0|0x0000000704400000, 0x0000000704600000, 0x0000000704600000|100%| O|  |TAMS 0x0000000704400000| PB 0x0000000704400000| Untracked 
|   1|0x0000000704600000, 0x00000007047d9748, 0x0000000704800000| 92%| O|  |TAMS 0x0000000704600000| PB 0x0000000704600000| Untracked 
|   2|0x0000000704800000, 0x0000000704a00000, 0x0000000704a00000|100%|HS|  |TAMS 0x0000000704800000| PB 0x0000000704800000| Complete 
|   3|0x0000000704a00000, 0x0000000704c00000, 0x0000000704c00000|100%|HC|  |TAMS 0x0000000704a00000| PB 0x0000000704a00000| Complete 
|   4|0x0000000704c00000, 0x0000000704e00000, 0x0000000704e00000|100%|HC|  |TAMS 0x0000000704c00000| PB 0x0000000704c00000| Complete 
|   5|0x0000000704e00000, 0x0000000705000000, 0x0000000705000000|100%|HC|  |TAMS 0x0000000704e00000| PB 0x0000000704e00000| Complete 
|   6|0x0000000705000000, 0x0000000705200000, 0x0000000705200000|100%|HS|  |TAMS 0x0000000705000000| PB 0x0000000705000000| Complete 
|   7|0x0000000705200000, 0x0000000705400000, 0x0000000705400000|100%|HC|  |TAMS 0x0000000705200000| PB 0x0000000705200000| Complete 
|   8|0x0000000705400000, 0x0000000705600000, 0x0000000705600000|100%|HC|  |TAMS 0x0000000705400000| PB 0x0000000705400000| Complete 
|   9|0x0000000705600000, 0x0000000705800000, 0x0000000705800000|100%|HC|  |TAMS 0x0000000705600000| PB 0x0000000705600000| Complete 
|  10|0x0000000705800000, 0x0000000705a00000, 0x0000000705a00000|100%|HC|  |TAMS 0x0000000705800000| PB 0x0000000705800000| Complete 
|  11|0x0000000705a00000, 0x0000000705c00000, 0x0000000705c00000|100%|HC|  |TAMS 0x0000000705a00000| PB 0x0000000705a00000| Complete 
|  12|0x0000000705c00000, 0x0000000705e00000, 0x0000000705e00000|100%|HS|  |TAMS 0x0000000705c00000| PB 0x0000000705c00000| Complete 
|  13|0x0000000705e00000, 0x0000000706000000, 0x0000000706000000|100%|HC|  |TAMS 0x0000000705e00000| PB 0x0000000705e00000| Complete 
|  14|0x0000000706000000, 0x0000000706200000, 0x0000000706200000|100%|HC|  |TAMS 0x0000000706000000| PB 0x0000000706000000| Complete 
|  15|0x0000000706200000, 0x0000000706400000, 0x0000000706400000|100%|HC|  |TAMS 0x0000000706200000| PB 0x0000000706200000| Complete 
|  16|0x0000000706400000, 0x0000000706600000, 0x0000000706600000|100%|HC|  |TAMS 0x0000000706400000| PB 0x0000000706400000| Complete 
|  17|0x0000000706600000, 0x0000000706800000, 0x0000000706800000|100%|HC|  |TAMS 0x0000000706600000| PB 0x0000000706600000| Complete 
|  18|0x0000000706800000, 0x0000000706800000, 0x0000000706a00000|  0%| F|  |TAMS 0x0000000706800000| PB 0x0000000706800000| Untracked 
|  19|0x0000000706a00000, 0x0000000706a00000, 0x0000000706c00000|  0%| F|  |TAMS 0x0000000706a00000| PB 0x0000000706a00000| Untracked 
|  20|0x0000000706c00000, 0x0000000706c00000, 0x0000000706e00000|  0%| F|  |TAMS 0x0000000706c00000| PB 0x0000000706c00000| Untracked 
|  21|0x0000000706e00000, 0x0000000706e00000, 0x0000000707000000|  0%| F|  |TAMS 0x0000000706e00000| PB 0x0000000706e00000| Untracked 
|  22|0x0000000707000000, 0x0000000707000000, 0x0000000707200000|  0%| F|  |TAMS 0x0000000707000000| PB 0x0000000707000000| Untracked 
|  23|0x0000000707200000, 0x0000000707200000, 0x0000000707400000|  0%| F|  |TAMS 0x0000000707200000| PB 0x0000000707200000| Untracked 
|  24|0x0000000707400000, 0x0000000707400000, 0x0000000707600000|  0%| F|  |TAMS 0x0000000707400000| PB 0x0000000707400000| Untracked 
|  25|0x0000000707600000, 0x0000000707600000, 0x0000000707800000|  0%| F|  |TAMS 0x0000000707600000| PB 0x0000000707600000| Untracked 
|  26|0x0000000707800000, 0x0000000707800000, 0x0000000707a00000|  0%| F|  |TAMS 0x0000000707800000| PB 0x0000000707800000| Untracked 
|  27|0x0000000707a00000, 0x0000000707a00000, 0x0000000707c00000|  0%| F|  |TAMS 0x0000000707a00000| PB 0x0000000707a00000| Untracked 
|  28|0x0000000707c00000, 0x0000000707c00000, 0x0000000707e00000|  0%| F|  |TAMS 0x0000000707c00000| PB 0x0000000707c00000| Untracked 
|  29|0x0000000707e00000, 0x0000000707e00000, 0x0000000708000000|  0%| F|  |TAMS 0x0000000707e00000| PB 0x0000000707e00000| Untracked 
|  30|0x0000000708000000, 0x0000000708000000, 0x0000000708200000|  0%| F|  |TAMS 0x0000000708000000| PB 0x0000000708000000| Untracked 
|  31|0x0000000708200000, 0x0000000708200000, 0x0000000708400000|  0%| F|  |TAMS 0x0000000708200000| PB 0x0000000708200000| Untracked 
|  32|0x0000000708400000, 0x0000000708400000, 0x0000000708600000|  0%| F|  |TAMS 0x0000000708400000| PB 0x0000000708400000| Untracked 
|  33|0x0000000708600000, 0x0000000708600000, 0x0000000708800000|  0%| F|  |TAMS 0x0000000708600000| PB 0x0000000708600000| Untracked 
|  34|0x0000000708800000, 0x0000000708800000, 0x0000000708a00000|  0%| F|  |TAMS 0x0000000708800000| PB 0x0000000708800000| Untracked 
|  35|0x0000000708a00000, 0x0000000708a00000, 0x0000000708c00000|  0%| F|  |TAMS 0x0000000708a00000| PB 0x0000000708a00000| Untracked 
|  36|0x0000000708c00000, 0x0000000708c00000, 0x0000000708e00000|  0%| F|  |TAMS 0x0000000708c00000| PB 0x0000000708c00000| Untracked 
|  37|0x0000000708e00000, 0x0000000708e00000, 0x0000000709000000|  0%| F|  |TAMS 0x0000000708e00000| PB 0x0000000708e00000| Untracked 
|  38|0x0000000709000000, 0x0000000709000000, 0x0000000709200000|  0%| F|  |TAMS 0x0000000709000000| PB 0x0000000709000000| Untracked 
|  39|0x0000000709200000, 0x0000000709200000, 0x0000000709400000|  0%| F|  |TAMS 0x0000000709200000| PB 0x0000000709200000| Untracked 
|  40|0x0000000709400000, 0x0000000709400000, 0x0000000709600000|  0%| F|  |TAMS 0x0000000709400000| PB 0x0000000709400000| Untracked 
|  41|0x0000000709600000, 0x0000000709746680, 0x0000000709800000| 63%| S|CS|TAMS 0x0000000709600000| PB 0x0000000709600000| Complete 
|  42|0x0000000709800000, 0x0000000709a00000, 0x0000000709a00000|100%| S|CS|TAMS 0x0000000709800000| PB 0x0000000709800000| Complete 
|  43|0x0000000709a00000, 0x0000000709c00000, 0x0000000709c00000|100%| S|CS|TAMS 0x0000000709a00000| PB 0x0000000709a00000| Complete 
|  44|0x0000000709c00000, 0x0000000709e00000, 0x0000000709e00000|100%| S|CS|TAMS 0x0000000709c00000| PB 0x0000000709c00000| Complete 
|  45|0x0000000709e00000, 0x000000070a000000, 0x000000070a000000|100%| S|CS|TAMS 0x0000000709e00000| PB 0x0000000709e00000| Complete 
|  46|0x000000070a000000, 0x000000070a200000, 0x000000070a200000|100%| S|CS|TAMS 0x000000070a000000| PB 0x000000070a000000| Complete 
|  47|0x000000070a200000, 0x000000070a400000, 0x000000070a400000|100%| S|CS|TAMS 0x000000070a200000| PB 0x000000070a200000| Complete 
|  48|0x000000070a400000, 0x000000070a600000, 0x000000070a600000|100%| S|CS|TAMS 0x000000070a400000| PB 0x000000070a400000| Complete 
|  49|0x000000070a600000, 0x000000070a800000, 0x000000070a800000|100%| S|CS|TAMS 0x000000070a600000| PB 0x000000070a600000| Complete 
|  50|0x000000070a800000, 0x000000070aa00000, 0x000000070aa00000|100%| S|CS|TAMS 0x000000070a800000| PB 0x000000070a800000| Complete 
|  51|0x000000070aa00000, 0x000000070aa00000, 0x000000070ac00000|  0%| F|  |TAMS 0x000000070aa00000| PB 0x000000070aa00000| Untracked 
|  52|0x000000070ac00000, 0x000000070ac00000, 0x000000070ae00000|  0%| F|  |TAMS 0x000000070ac00000| PB 0x000000070ac00000| Untracked 
|  53|0x000000070ae00000, 0x000000070ae00000, 0x000000070b000000|  0%| F|  |TAMS 0x000000070ae00000| PB 0x000000070ae00000| Untracked 
|  54|0x000000070b000000, 0x000000070b000000, 0x000000070b200000|  0%| F|  |TAMS 0x000000070b000000| PB 0x000000070b000000| Untracked 
|  55|0x000000070b200000, 0x000000070b200000, 0x000000070b400000|  0%| F|  |TAMS 0x000000070b200000| PB 0x000000070b200000| Untracked 
|  56|0x000000070b400000, 0x000000070b400000, 0x000000070b600000|  0%| F|  |TAMS 0x000000070b400000| PB 0x000000070b400000| Untracked 
|  57|0x000000070b600000, 0x000000070b600000, 0x000000070b800000|  0%| F|  |TAMS 0x000000070b600000| PB 0x000000070b600000| Untracked 
|  58|0x000000070b800000, 0x000000070b800000, 0x000000070ba00000|  0%| F|  |TAMS 0x000000070b800000| PB 0x000000070b800000| Untracked 
|  59|0x000000070ba00000, 0x000000070ba00000, 0x000000070bc00000|  0%| F|  |TAMS 0x000000070ba00000| PB 0x000000070ba00000| Untracked 
|  60|0x000000070bc00000, 0x000000070bc00000, 0x000000070be00000|  0%| F|  |TAMS 0x000000070bc00000| PB 0x000000070bc00000| Untracked 
|  61|0x000000070be00000, 0x000000070be00000, 0x000000070c000000|  0%| F|  |TAMS 0x000000070be00000| PB 0x000000070be00000| Untracked 
|  62|0x000000070c000000, 0x000000070c000000, 0x000000070c200000|  0%| F|  |TAMS 0x000000070c000000| PB 0x000000070c000000| Untracked 
|  63|0x000000070c200000, 0x000000070c200000, 0x000000070c400000|  0%| F|  |TAMS 0x000000070c200000| PB 0x000000070c200000| Untracked 
|  64|0x000000070c400000, 0x000000070c400000, 0x000000070c600000|  0%| F|  |TAMS 0x000000070c400000| PB 0x000000070c400000| Untracked 
|  65|0x000000070c600000, 0x000000070c600000, 0x000000070c800000|  0%| F|  |TAMS 0x000000070c600000| PB 0x000000070c600000| Untracked 
|  66|0x000000070c800000, 0x000000070c800000, 0x000000070ca00000|  0%| F|  |TAMS 0x000000070c800000| PB 0x000000070c800000| Untracked 
|  67|0x000000070ca00000, 0x000000070ca00000, 0x000000070cc00000|  0%| F|  |TAMS 0x000000070ca00000| PB 0x000000070ca00000| Untracked 
|  68|0x000000070cc00000, 0x000000070cc00000, 0x000000070ce00000|  0%| F|  |TAMS 0x000000070cc00000| PB 0x000000070cc00000| Untracked 
|  69|0x000000070ce00000, 0x000000070ce00000, 0x000000070d000000|  0%| F|  |TAMS 0x000000070ce00000| PB 0x000000070ce00000| Untracked 
|  70|0x000000070d000000, 0x000000070d000000, 0x000000070d200000|  0%| F|  |TAMS 0x000000070d000000| PB 0x000000070d000000| Untracked 
|  71|0x000000070d200000, 0x000000070d200000, 0x000000070d400000|  0%| F|  |TAMS 0x000000070d200000| PB 0x000000070d200000| Untracked 
|  72|0x000000070d400000, 0x000000070d400000, 0x000000070d600000|  0%| F|  |TAMS 0x000000070d400000| PB 0x000000070d400000| Untracked 
|  73|0x000000070d600000, 0x000000070d600000, 0x000000070d800000|  0%| F|  |TAMS 0x000000070d600000| PB 0x000000070d600000| Untracked 
|  74|0x000000070d800000, 0x000000070d800000, 0x000000070da00000|  0%| F|  |TAMS 0x000000070d800000| PB 0x000000070d800000| Untracked 
|  75|0x000000070da00000, 0x000000070da00000, 0x000000070dc00000|  0%| F|  |TAMS 0x000000070da00000| PB 0x000000070da00000| Untracked 
|  76|0x000000070dc00000, 0x000000070dc00000, 0x000000070de00000|  0%| F|  |TAMS 0x000000070dc00000| PB 0x000000070dc00000| Untracked 
|  77|0x000000070de00000, 0x000000070de00000, 0x000000070e000000|  0%| F|  |TAMS 0x000000070de00000| PB 0x000000070de00000| Untracked 
|  78|0x000000070e000000, 0x000000070e000000, 0x000000070e200000|  0%| F|  |TAMS 0x000000070e000000| PB 0x000000070e000000| Untracked 
|  79|0x000000070e200000, 0x000000070e200000, 0x000000070e400000|  0%| F|  |TAMS 0x000000070e200000| PB 0x000000070e200000| Untracked 
|  80|0x000000070e400000, 0x000000070e400000, 0x000000070e600000|  0%| F|  |TAMS 0x000000070e400000| PB 0x000000070e400000| Untracked 
|  81|0x000000070e600000, 0x000000070e600000, 0x000000070e800000|  0%| F|  |TAMS 0x000000070e600000| PB 0x000000070e600000| Untracked 
|  82|0x000000070e800000, 0x000000070e800000, 0x000000070ea00000|  0%| F|  |TAMS 0x000000070e800000| PB 0x000000070e800000| Untracked 
|  83|0x000000070ea00000, 0x000000070ea00000, 0x000000070ec00000|  0%| F|  |TAMS 0x000000070ea00000| PB 0x000000070ea00000| Untracked 
|  84|0x000000070ec00000, 0x000000070ec00000, 0x000000070ee00000|  0%| F|  |TAMS 0x000000070ec00000| PB 0x000000070ec00000| Untracked 
|  85|0x000000070ee00000, 0x000000070ee00000, 0x000000070f000000|  0%| F|  |TAMS 0x000000070ee00000| PB 0x000000070ee00000| Untracked 
|  86|0x000000070f000000, 0x000000070f000000, 0x000000070f200000|  0%| F|  |TAMS 0x000000070f000000| PB 0x000000070f000000| Untracked 
|  87|0x000000070f200000, 0x000000070f200000, 0x000000070f400000|  0%| F|  |TAMS 0x000000070f200000| PB 0x000000070f200000| Untracked 
|  88|0x000000070f400000, 0x000000070f400000, 0x000000070f600000|  0%| F|  |TAMS 0x000000070f400000| PB 0x000000070f400000| Untracked 
|  89|0x000000070f600000, 0x000000070f600000, 0x000000070f800000|  0%| F|  |TAMS 0x000000070f600000| PB 0x000000070f600000| Untracked 
|  90|0x000000070f800000, 0x000000070f800000, 0x000000070fa00000|  0%| F|  |TAMS 0x000000070f800000| PB 0x000000070f800000| Untracked 
|  91|0x000000070fa00000, 0x000000070fa00000, 0x000000070fc00000|  0%| F|  |TAMS 0x000000070fa00000| PB 0x000000070fa00000| Untracked 
|  92|0x000000070fc00000, 0x000000070fc00000, 0x000000070fe00000|  0%| F|  |TAMS 0x000000070fc00000| PB 0x000000070fc00000| Untracked 
|  93|0x000000070fe00000, 0x000000070fe00000, 0x0000000710000000|  0%| F|  |TAMS 0x000000070fe00000| PB 0x000000070fe00000| Untracked 
|  94|0x0000000710000000, 0x0000000710000000, 0x0000000710200000|  0%| F|  |TAMS 0x0000000710000000| PB 0x0000000710000000| Untracked 
|  95|0x0000000710200000, 0x0000000710200000, 0x0000000710400000|  0%| F|  |TAMS 0x0000000710200000| PB 0x0000000710200000| Untracked 
|  96|0x0000000710400000, 0x0000000710500000, 0x0000000710600000| 50%| E|  |TAMS 0x0000000710400000| PB 0x0000000710400000| Complete 
|  97|0x0000000710600000, 0x0000000710800000, 0x0000000710800000|100%| E|CS|TAMS 0x0000000710600000| PB 0x0000000710600000| Complete 
|  98|0x0000000710800000, 0x0000000710a00000, 0x0000000710a00000|100%| E|CS|TAMS 0x0000000710800000| PB 0x0000000710800000| Complete 
|  99|0x0000000710a00000, 0x0000000710c00000, 0x0000000710c00000|100%| E|CS|TAMS 0x0000000710a00000| PB 0x0000000710a00000| Complete 
| 100|0x0000000710c00000, 0x0000000710e00000, 0x0000000710e00000|100%| E|CS|TAMS 0x0000000710c00000| PB 0x0000000710c00000| Complete 
| 101|0x0000000710e00000, 0x0000000711000000, 0x0000000711000000|100%| E|CS|TAMS 0x0000000710e00000| PB 0x0000000710e00000| Complete 
| 102|0x0000000711000000, 0x0000000711200000, 0x0000000711200000|100%| E|CS|TAMS 0x0000000711000000| PB 0x0000000711000000| Complete 
| 103|0x0000000711200000, 0x0000000711400000, 0x0000000711400000|100%| E|CS|TAMS 0x0000000711200000| PB 0x0000000711200000| Complete 
| 104|0x0000000711400000, 0x0000000711600000, 0x0000000711600000|100%| E|CS|TAMS 0x0000000711400000| PB 0x0000000711400000| Complete 
| 105|0x0000000711600000, 0x0000000711800000, 0x0000000711800000|100%| E|CS|TAMS 0x0000000711600000| PB 0x0000000711600000| Complete 
| 106|0x0000000711800000, 0x0000000711a00000, 0x0000000711a00000|100%| E|CS|TAMS 0x0000000711800000| PB 0x0000000711800000| Complete 
| 107|0x0000000711a00000, 0x0000000711c00000, 0x0000000711c00000|100%| E|CS|TAMS 0x0000000711a00000| PB 0x0000000711a00000| Complete 
| 108|0x0000000711c00000, 0x0000000711e00000, 0x0000000711e00000|100%| E|CS|TAMS 0x0000000711c00000| PB 0x0000000711c00000| Complete 
| 109|0x0000000711e00000, 0x0000000712000000, 0x0000000712000000|100%| E|CS|TAMS 0x0000000711e00000| PB 0x0000000711e00000| Complete 
| 110|0x0000000712000000, 0x0000000712200000, 0x0000000712200000|100%| E|CS|TAMS 0x0000000712000000| PB 0x0000000712000000| Complete 
| 111|0x0000000712200000, 0x0000000712400000, 0x0000000712400000|100%| E|CS|TAMS 0x0000000712200000| PB 0x0000000712200000| Complete 
| 112|0x0000000712400000, 0x0000000712600000, 0x0000000712600000|100%| E|CS|TAMS 0x0000000712400000| PB 0x0000000712400000| Complete 
| 113|0x0000000712600000, 0x0000000712800000, 0x0000000712800000|100%| E|CS|TAMS 0x0000000712600000| PB 0x0000000712600000| Complete 
| 114|0x0000000712800000, 0x0000000712a00000, 0x0000000712a00000|100%| E|CS|TAMS 0x0000000712800000| PB 0x0000000712800000| Complete 
| 115|0x0000000712a00000, 0x0000000712c00000, 0x0000000712c00000|100%| E|CS|TAMS 0x0000000712a00000| PB 0x0000000712a00000| Complete 
| 116|0x0000000712c00000, 0x0000000712e00000, 0x0000000712e00000|100%| E|CS|TAMS 0x0000000712c00000| PB 0x0000000712c00000| Complete 
| 117|0x0000000712e00000, 0x0000000713000000, 0x0000000713000000|100%| E|CS|TAMS 0x0000000712e00000| PB 0x0000000712e00000| Complete 
| 118|0x0000000713000000, 0x0000000713200000, 0x0000000713200000|100%| E|CS|TAMS 0x0000000713000000| PB 0x0000000713000000| Complete 
| 119|0x0000000713200000, 0x0000000713400000, 0x0000000713400000|100%| E|CS|TAMS 0x0000000713200000| PB 0x0000000713200000| Complete 
| 120|0x0000000713400000, 0x0000000713600000, 0x0000000713600000|100%| E|CS|TAMS 0x0000000713400000| PB 0x0000000713400000| Complete 
| 121|0x0000000713600000, 0x0000000713800000, 0x0000000713800000|100%| E|CS|TAMS 0x0000000713600000| PB 0x0000000713600000| Complete 
| 122|0x0000000713800000, 0x0000000713a00000, 0x0000000713a00000|100%| E|CS|TAMS 0x0000000713800000| PB 0x0000000713800000| Complete 
| 123|0x0000000713a00000, 0x0000000713c00000, 0x0000000713c00000|100%| E|CS|TAMS 0x0000000713a00000| PB 0x0000000713a00000| Complete 
| 124|0x0000000713c00000, 0x0000000713e00000, 0x0000000713e00000|100%| E|CS|TAMS 0x0000000713c00000| PB 0x0000000713c00000| Complete 
| 125|0x0000000713e00000, 0x0000000714000000, 0x0000000714000000|100%| E|CS|TAMS 0x0000000713e00000| PB 0x0000000713e00000| Complete 

Card table byte_map: [0x0000020cf3dd0000,0x0000020cf45b0000] _byte_map_base: 0x0000020cf05ae000

Marking Bits: (CMBitMap*) 0x0000020cd9f30000
 Bits: [0x0000020cf45b0000, 0x0000020cf84a0000)

Polling page: 0x0000020cd9f90000

Metaspace:

Usage:
  Non-class:     16.62 MB used.
      Class:      2.00 MB used.
       Both:     18.61 MB used.

Virtual space:
  Non-class space:       64.00 MB reserved,      16.81 MB ( 26%) committed,  1 nodes.
      Class space:        1.00 GB reserved,       2.12 MB ( <1%) committed,  1 nodes.
             Both:        1.06 GB reserved,      18.94 MB (  2%) committed. 

Chunk freelists:
   Non-Class:  14.52 MB
       Class:  13.69 MB
        Both:  28.21 MB

MaxMetaspaceSize: unlimited
CompressedClassSpaceSize: 1.00 GB
Initial GC threshold: 21.00 MB
Current GC threshold: 21.00 MB
CDS: on
 - commit_granule_bytes: 65536.
 - commit_granule_words: 8192.
 - virtual_space_node_default_size: 8388608.
 - enlarge_chunks_in_place: 1.
 - use_allocation_guard: 0.


Internal statistics:

num_allocs_failed_limit: 0.
num_arena_births: 188.
num_arena_deaths: 0.
num_vsnodes_births: 2.
num_vsnodes_deaths: 0.
num_space_committed: 303.
num_space_uncommitted: 0.
num_chunks_returned_to_freelist: 0.
num_chunks_taken_from_freelist: 835.
num_chunk_merges: 0.
num_chunk_splits: 587.
num_chunks_enlarged: 481.
num_inconsistent_stats: 0.

CodeHeap 'non-profiled nmethods': size=120000Kb used=3123Kb max_used=3123Kb free=116876Kb
 bounds [0x0000020ceb440000, 0x0000020ceb750000, 0x0000020cf2970000]
CodeHeap 'profiled nmethods': size=120000Kb used=11703Kb max_used=11703Kb free=108296Kb
 bounds [0x0000020ce3970000, 0x0000020ce44e0000, 0x0000020ceaea0000]
CodeHeap 'non-nmethods': size=5760Kb used=1559Kb max_used=1619Kb free=4200Kb
 bounds [0x0000020ceaea0000, 0x0000020ceb110000, 0x0000020ceb440000]
 total_blobs=5816 nmethods=5311 adapters=409
 compilation: enabled
              stopped_count=0, restarted_count=0
 full_count=0

Compilation events (20 events):
Event: 11.933 Thread 0x0000020cc5138f10 nmethod 5296 0x0000020ce44d6090 code [0x0000020ce44d62a0, 0x0000020ce44d6928]
Event: 11.933 Thread 0x0000020cc5138f10 5297       3       java.util.Formatter$Conversion::isText (34 bytes)
Event: 11.933 Thread 0x0000020cc5138f10 nmethod 5297 0x0000020ce44d6b90 code [0x0000020ce44d6d20, 0x0000020ce44d6e90]
Event: 11.981 Thread 0x0000020cc744afe0 nmethod 5271 0x0000020ceb740290 code [0x0000020ceb7409a0, 0x0000020ceb745210]
Event: 11.983 Thread 0x0000020cc744afe0 5298       4       java.io.BufferedReader::implReadLine (301 bytes)
Event: 12.010 Thread 0x0000020cc5138f10 5299       3       org.codehaus.plexus.interpolation.util.StringUtils::capitalizeFirstLetter (52 bytes)
Event: 12.011 Thread 0x0000020cc5138f10 nmethod 5299 0x0000020ce44d6f10 code [0x0000020ce44d71e0, 0x0000020ce44d7f98]
Event: 12.013 Thread 0x0000020cc5138f10 5300       3       org.eclipse.aether.internal.impl.collect.DataPool$Constraint::<init> (90 bytes)
Event: 12.013 Thread 0x0000020cc5138f10 nmethod 5300 0x0000020ce44d8610 code [0x0000020ce44d8880, 0x0000020ce44d96c8]
Event: 12.013 Thread 0x0000020cc5138f10 5301       3       org.eclipse.aether.internal.impl.collect.DataPool$Constraint$VersionRepo::<init> (15 bytes)
Event: 12.014 Thread 0x0000020cc5138f10 nmethod 5301 0x0000020ce44d9a90 code [0x0000020ce44d9c40, 0x0000020ce44d9e70]
Event: 12.027 Thread 0x0000020cc5138f10 5302       3       org.apache.maven.model.building.DefaultModelBuildingRequest::<init> (11 bytes)
Event: 12.027 Thread 0x0000020cc5138f10 nmethod 5302 0x0000020ce44d9f10 code [0x0000020ce44da0c0, 0x0000020ce44da230]
Event: 12.027 Thread 0x0000020cc5138f10 5303       3       org.apache.maven.model.building.DefaultModelBuildingRequest::setValidationLevel (6 bytes)
Event: 12.027 Thread 0x0000020cc5138f10 nmethod 5303 0x0000020ce44da310 code [0x0000020ce44da4c0, 0x0000020ce44da630]
Event: 12.027 Thread 0x0000020cc5138f10 5304       3       org.apache.maven.model.building.DefaultModelBuildingRequest::setSystemProperties (6 bytes)
Event: 12.028 Thread 0x0000020cc5138f10 nmethod 5304 0x0000020ce44da710 code [0x0000020ce44da8c0, 0x0000020ce44daa00]
Event: 12.060 Thread 0x0000020cc5138f10 5305       3       org.apache.maven.model.io.xpp3.MavenXpp3Reader::parseDependencyManagement (206 bytes)
Event: 12.347 Thread 0x0000020cc5138f10 nmethod 5305 0x0000020ce44daa90 code [0x0000020ce44dae20, 0x0000020ce44dc2c0]
Event: 12.347 Thread 0x0000020cc5138f10 5307       3       org.apache.maven.model.merge.ModelMerger::mergeRepository_Releases (49 bytes)

GC Heap History (6 events):
Event: 1.425 GC heap before
{Heap before GC invocations=0 (full 0):
 garbage-first heap   total 258048K, used 22528K [0x0000000704400000, 0x0000000800000000)
  region size 2048K, 11 young (22528K), 0 survivors (0K)
 Metaspace       used 6264K, committed 6400K, reserved 1114112K
  class space    used 702K, committed 768K, reserved 1048576K
}
Event: 1.452 GC heap after
{Heap after GC invocations=1 (full 0):
 garbage-first heap   total 258048K, used 4007K [0x0000000704400000, 0x0000000800000000)
  region size 2048K, 2 young (4096K), 2 survivors (4096K)
 Metaspace       used 6264K, committed 6400K, reserved 1114112K
  class space    used 702K, committed 768K, reserved 1048576K
}
Event: 2.657 GC heap before
{Heap before GC invocations=1 (full 0):
 garbage-first heap   total 258048K, used 34727K [0x0000000704400000, 0x0000000800000000)
  region size 2048K, 17 young (34816K), 2 survivors (4096K)
 Metaspace       used 10014K, committed 10240K, reserved 1114112K
  class space    used 1162K, committed 1280K, reserved 1048576K
}
Event: 2.662 GC heap after
{Heap after GC invocations=2 (full 0):
 garbage-first heap   total 258048K, used 5764K [0x0000000704400000, 0x0000000800000000)
  region size 2048K, 1 young (2048K), 1 survivors (2048K)
 Metaspace       used 10014K, committed 10240K, reserved 1114112K
  class space    used 1162K, committed 1280K, reserved 1048576K
}
Event: 9.406 GC heap before
{Heap before GC invocations=2 (full 0):
 garbage-first heap   total 258048K, used 157316K [0x0000000704400000, 0x0000000800000000)
  region size 2048K, 75 young (153600K), 1 survivors (2048K)
 Metaspace       used 17026K, committed 17344K, reserved 1114112K
  class space    used 1862K, committed 1984K, reserved 1048576K
}
Event: 9.429 GC heap after
{Heap after GC invocations=3 (full 0):
 garbage-first heap   total 258048K, used 23679K [0x0000000704400000, 0x0000000800000000)
  region size 2048K, 10 young (20480K), 10 survivors (20480K)
 Metaspace       used 17026K, committed 17344K, reserved 1114112K
  class space    used 1862K, committed 1984K, reserved 1048576K
}

Dll operation events (8 events):
Event: 0.011 Loaded shared library C:\Program Files\Java\jdk-21\bin\java.dll
Event: 0.057 Loaded shared library C:\Program Files\Java\jdk-21\bin\jsvml.dll
Event: 0.080 Loaded shared library C:\Program Files\Java\jdk-21\bin\net.dll
Event: 0.083 Loaded shared library C:\Program Files\Java\jdk-21\bin\nio.dll
Event: 0.088 Loaded shared library C:\Program Files\Java\jdk-21\bin\zip.dll
Event: 0.093 Loaded shared library C:\Program Files\Java\jdk-21\bin\verify.dll
Event: 0.097 Loaded shared library C:\Program Files\Java\jdk-21\bin\jimage.dll
Event: 0.572 Loaded shared library C:\Users\ASUS\AppData\Local\Temp\jansi-2.4.0-764e6d08561d3964-jansi.dll

Deoptimization events (20 events):
Event: 11.449 Thread 0x0000020cd99751a0 Uncommon trap: trap_request=0xffffff45 fr.pc=0x0000020ceb488868 relative=0x00000000000000a8
Event: 11.449 Thread 0x0000020cd99751a0 Uncommon trap: reason=unstable_if action=reinterpret pc=0x0000020ceb488868 method=sun.net.www.ParseUtil.firstEncodeIndex(Ljava/lang/String;)I @ 73 c2
Event: 11.449 Thread 0x0000020cd99751a0 DEOPT PACKING pc=0x0000020ceb488868 sp=0x00000038bdefcf60
Event: 11.449 Thread 0x0000020cd99751a0 DEOPT UNPACKING pc=0x0000020ceaef7da2 sp=0x00000038bdefcef0 mode 2
Event: 11.533 Thread 0x0000020cd99751a0 Uncommon trap: trap_request=0xffffff6e fr.pc=0x0000020ceb733460 relative=0x0000000000000d20
Event: 11.533 Thread 0x0000020cd99751a0 Uncommon trap: reason=loop_limit_check action=maybe_recompile pc=0x0000020ceb733460 method=org.codehaus.plexus.util.SelectorUtils.match([C[CZ)Z @ 498 c2
Event: 11.533 Thread 0x0000020cd99751a0 DEOPT PACKING pc=0x0000020ceb733460 sp=0x00000038bdefd210
Event: 11.533 Thread 0x0000020cd99751a0 DEOPT UNPACKING pc=0x0000020ceaef7da2 sp=0x00000038bdefd1b0 mode 2
Event: 11.550 Thread 0x0000020cd99751a0 Uncommon trap: trap_request=0xffffffbe fr.pc=0x0000020ceb72f92c relative=0x000000000000120c
Event: 11.550 Thread 0x0000020cd99751a0 Uncommon trap: reason=profile_predicate action=maybe_recompile pc=0x0000020ceb72f92c method=java.util.TimSort.binarySort([Ljava/lang/Object;IIILjava/util/Comparator;)V @ 34 c2
Event: 11.550 Thread 0x0000020cd99751a0 DEOPT PACKING pc=0x0000020ceb72f92c sp=0x00000038bdefd740
Event: 11.550 Thread 0x0000020cd99751a0 DEOPT UNPACKING pc=0x0000020ceaef7da2 sp=0x00000038bdefd710 mode 2
Event: 11.551 Thread 0x0000020cd99751a0 Uncommon trap: trap_request=0xffffffbe fr.pc=0x0000020ceb72f92c relative=0x000000000000120c
Event: 11.551 Thread 0x0000020cd99751a0 Uncommon trap: reason=profile_predicate action=maybe_recompile pc=0x0000020ceb72f92c method=java.util.TimSort.binarySort([Ljava/lang/Object;IIILjava/util/Comparator;)V @ 34 c2
Event: 11.551 Thread 0x0000020cd99751a0 DEOPT PACKING pc=0x0000020ceb72f92c sp=0x00000038bdefd740
Event: 11.551 Thread 0x0000020cd99751a0 DEOPT UNPACKING pc=0x0000020ceaef7da2 sp=0x00000038bdefd710 mode 2
Event: 11.976 Thread 0x0000020cd99751a0 Uncommon trap: trap_request=0xffffff45 fr.pc=0x0000020ceb6f30bc relative=0x0000000000000c9c
Event: 11.976 Thread 0x0000020cd99751a0 Uncommon trap: reason=unstable_if action=reinterpret pc=0x0000020ceb6f30bc method=org.codehaus.plexus.interpolation.util.StringUtils.capitalizeFirstLetter(Ljava/lang/String;)Ljava/lang/String; @ 13 c2
Event: 11.976 Thread 0x0000020cd99751a0 DEOPT PACKING pc=0x0000020ceb6f30bc sp=0x00000038bdefc070
Event: 11.976 Thread 0x0000020cd99751a0 DEOPT UNPACKING pc=0x0000020ceaef7da2 sp=0x00000038bdefc038 mode 2

Classes loaded (20 events):
Event: 10.748 Loading class java/nio/file/attribute/PosixFileAttributes
Event: 10.749 Loading class java/nio/file/attribute/PosixFileAttributes done
Event: 11.411 Loading class java/io/FileWriter
Event: 11.411 Loading class java/io/FileWriter done
Event: 11.455 Loading class jdk/internal/reflect/MethodHandleIntegerFieldAccessorImpl
Event: 11.455 Loading class jdk/internal/reflect/MethodHandleIntegerFieldAccessorImpl done
Event: 11.459 Loading class java/util/concurrent/ConcurrentLinkedDeque
Event: 11.460 Loading class java/util/concurrent/ConcurrentLinkedDeque done
Event: 11.460 Loading class java/util/concurrent/ConcurrentLinkedDeque$Node
Event: 11.460 Loading class java/util/concurrent/ConcurrentLinkedDeque$Node done
Event: 11.461 Loading class java/util/ServiceConfigurationError
Event: 11.461 Loading class java/util/ServiceConfigurationError done
Event: 11.503 Loading class java/nio/file/attribute/FileTime$1
Event: 11.503 Loading class java/nio/file/attribute/FileTime$1 done
Event: 11.549 Loading class java/util/Comparators$NaturalOrderComparator
Event: 11.550 Loading class java/util/Comparators$NaturalOrderComparator done
Event: 11.551 Loading class sun/nio/fs/WindowsChannelFactory$2
Event: 11.551 Loading class sun/nio/fs/WindowsChannelFactory$2 done
Event: 11.552 Loading class sun/nio/ch/ChannelOutputStream
Event: 11.552 Loading class sun/nio/ch/ChannelOutputStream done

Classes unloaded (0 events):
No events

Classes redefined (0 events):
No events

Internal exceptions (20 events):
Event: 3.497 Thread 0x0000020cd99751a0 Exception <a 'java/lang/NoClassDefFoundError'{0x0000000712e85b78}: com/google/inject/servlet/ServletModuleTargetVisitor> (0x0000000712e85b78) 
thrown [s\open\src\hotspot\share\classfile\systemDictionary.cpp, line 301]
Event: 3.711 Thread 0x0000020cd99751a0 Exception <a 'java/lang/NoSuchMethodError'{0x0000000712c52fb8}: 'void java.lang.invoke.DirectMethodHandle$Holder.invokeVirtual(java.lang.Object, java.lang.Object)'> (0x0000000712c52fb8) 
thrown [s\open\src\hotspot\share\interpreter\linkResolver.cpp, line 773]
Event: 3.736 Thread 0x0000020cd99751a0 Exception <a 'java/lang/NoSuchMethodError'{0x0000000712c93de8}: 'java.lang.Object java.lang.invoke.DirectMethodHandle$Holder.invokeStaticInit(java.lang.Object, int, int, int, int)'> (0x0000000712c93de8) 
thrown [s\open\src\hotspot\share\interpreter\linkResolver.cpp, line 773]
Event: 4.040 Thread 0x0000020cd99751a0 Implicit null exception at 0x0000020ceb472924 to 0x0000020ceb472ffc
Event: 4.040 Thread 0x0000020cd99751a0 Implicit null exception at 0x0000020ceb486da0 to 0x0000020ceb487470
Event: 4.331 Thread 0x0000020cd99751a0 Exception <a 'java/lang/NoSuchMethodError'{0x000000071241daf0}: 'void java.lang.invoke.DirectMethodHandle$Holder.invokeVirtual(java.lang.Object, java.lang.Object, int)'> (0x000000071241daf0) 
thrown [s\open\src\hotspot\share\interpreter\linkResolver.cpp, line 773]
Event: 4.331 Thread 0x0000020cd99751a0 Exception <a 'java/lang/NoSuchMethodError'{0x0000000712424ae0}: 'void java.lang.invoke.DelegatingMethodHandle$Holder.reinvoke_L(java.lang.Object, java.lang.Object, int)'> (0x0000000712424ae0) 
thrown [s\open\src\hotspot\share\interpreter\linkResolver.cpp, line 773]
Event: 7.166 Thread 0x0000020cd99751a0 Implicit null exception at 0x0000020ceb57bc60 to 0x0000020ceb57cfec
Event: 7.166 Thread 0x0000020cd99751a0 Implicit null exception at 0x0000020ceb50b91d to 0x0000020ceb50bb40
Event: 7.166 Thread 0x0000020cd99751a0 Implicit null exception at 0x0000020ceb56b10d to 0x0000020ceb56b9ac
Event: 9.434 Thread 0x0000020cd99751a0 Implicit null exception at 0x0000020ceb68bdbe to 0x0000020ceb68ff9c
Event: 9.434 Thread 0x0000020cd99751a0 Implicit null exception at 0x0000020ceb68142e to 0x0000020ceb685200
Event: 9.435 Thread 0x0000020cd99751a0 Implicit null exception at 0x0000020ceb699c0e to 0x0000020ceb69ca9c
Event: 9.841 Thread 0x0000020cd99751a0 Implicit null exception at 0x0000020ceb55633d to 0x0000020ceb5563c1
Event: 10.328 Thread 0x0000020cd99751a0 Exception <a 'java/lang/NoSuchMethodError'{0x0000000712949ab0}: 'java.lang.Object java.lang.invoke.DirectMethodHandle$Holder.newInvokeSpecial(java.lang.Object, java.lang.Object, java.lang.Object, java.lang.Object, java.lang.Object, java.lang.Object, java.lang.Object)'> (0x0000000712949ab0) 
thrown [s\open\src\hotspot\share\interpreter\linkResolver.cpp, line 773]
Event: 10.330 Thread 0x0000020cd99751a0 Implicit null exception at 0x0000020ceb6a8e52 to 0x0000020ceb6ab6a0
Event: 10.581 Thread 0x0000020cd99751a0 Implicit null exception at 0x0000020ceb622c8b to 0x0000020ceb623498
Event: 10.609 Thread 0x0000020cd99751a0 Exception <a 'java/lang/NoSuchMethodError'{0x000000071214fa70}: 'java.lang.Object java.lang.invoke.DirectMethodHandle$Holder.invokeVirtual(java.lang.Object, java.lang.Object, java.lang.Object)'> (0x000000071214fa70) 
thrown [s\open\src\hotspot\share\interpreter\linkResolver.cpp, line 773]
Event: 10.610 Thread 0x0000020cd99751a0 Exception <a 'java/lang/NoSuchMethodError'{0x0000000712156358}: 'void java.lang.invoke.DirectMethodHandle$Holder.invokeSpecial(java.lang.Object, java.lang.Object, java.lang.Object, java.lang.Object, java.lang.Object, java.lang.Object)'> (0x0000000712156358) 
thrown [s\open\src\hotspot\share\interpreter\linkResolver.cpp, line 773]
Event: 10.612 Thread 0x0000020cd99751a0 Exception <a 'java/lang/NoSuchMethodError'{0x0000000712160500}: 'int java.lang.invoke.DirectMethodHandle$Holder.invokeVirtual(java.lang.Object, java.lang.Object)'> (0x0000000712160500) 
thrown [s\open\src\hotspot\share\interpreter\linkResolver.cpp, line 773]

ZGC Phase Switch (0 events):
No events

VM Operations (20 events):
Event: 3.985 Executing VM operation: HandshakeAllThreads (Deoptimize)
Event: 3.985 Executing VM operation: HandshakeAllThreads (Deoptimize) done
Event: 4.599 Executing VM operation: ICBufferFull
Event: 4.599 Executing VM operation: ICBufferFull done
Event: 5.613 Executing VM operation: Cleanup
Event: 5.616 Executing VM operation: Cleanup done
Event: 6.628 Executing VM operation: Cleanup
Event: 6.628 Executing VM operation: Cleanup done
Event: 7.637 Executing VM operation: Cleanup
Event: 7.654 Executing VM operation: Cleanup done
Event: 8.342 Executing VM operation: ICBufferFull
Event: 8.342 Executing VM operation: ICBufferFull done
Event: 9.357 Executing VM operation: Cleanup
Event: 9.357 Executing VM operation: Cleanup done
Event: 9.406 Executing VM operation: G1CollectForAllocation (G1 Evacuation Pause)
Event: 9.429 Executing VM operation: G1CollectForAllocation (G1 Evacuation Pause) done
Event: 10.436 Executing VM operation: Cleanup
Event: 10.452 Executing VM operation: Cleanup done
Event: 11.347 Executing VM operation: ICBufferFull
Event: 11.347 Executing VM operation: ICBufferFull done

Events (20 events):
Event: 1.087 Thread 0x0000020cc56a6720 Thread exited: 0x0000020cc56a6720
Event: 1.383 Thread 0x0000020cc5c87420 Thread added: 0x0000020cc5c87420
Event: 1.401 Thread 0x0000020cc5c88890 Thread added: 0x0000020cc5c88890
Event: 2.467 Thread 0x0000020cc5c88890 Thread exited: 0x0000020cc5c88890
Event: 2.910 Thread 0x0000020cc5c87420 Thread exited: 0x0000020cc5c87420
Event: 3.681 Thread 0x0000020cc6803fc0 Thread added: 0x0000020cc6803fc0
Event: 3.978 Thread 0x0000020cc6803fc0 Thread exited: 0x0000020cc6803fc0
Event: 4.238 Thread 0x0000020cc6805430 Thread added: 0x0000020cc6805430
Event: 5.728 Thread 0x0000020cc6805430 Thread exited: 0x0000020cc6805430
Event: 7.162 Thread 0x0000020cc6804d60 Thread added: 0x0000020cc6804d60
Event: 7.218 Thread 0x0000020cc6805430 Thread added: 0x0000020cc6805430
Event: 9.093 Thread 0x0000020cc6805430 Thread exited: 0x0000020cc6805430
Event: 9.324 Thread 0x0000020cc6804d60 Thread exited: 0x0000020cc6804d60
Event: 9.523 Thread 0x0000020cc744df90 Thread added: 0x0000020cc744df90
Event: 9.670 Thread 0x0000020cc744a910 Thread added: 0x0000020cc744a910
Event: 10.243 Thread 0x0000020cc744a910 Thread exited: 0x0000020cc744a910
Event: 10.305 Thread 0x0000020cc744df90 Thread exited: 0x0000020cc744df90
Event: 10.854 Thread 0x0000020cc744df90 Thread added: 0x0000020cc744df90
Event: 11.058 Thread 0x0000020cc744df90 Thread exited: 0x0000020cc744df90
Event: 11.574 Thread 0x0000020cc744afe0 Thread added: 0x0000020cc744afe0


Dynamic libraries:
0x00007ff732c00000 - 0x00007ff732c10000 	C:\Program Files\Java\jdk-21\bin\java.exe
0x00007ffb71c20000 - 0x00007ffb71e86000 	C:\WINDOWS\SYSTEM32\ntdll.dll
0x00007ffb6fe00000 - 0x00007ffb6fec9000 	C:\WINDOWS\System32\KERNEL32.DLL
0x00007ffb6f590000 - 0x00007ffb6f98a000 	C:\WINDOWS\System32\KERNELBASE.dll
0x00007ffb6f390000 - 0x00007ffb6f4dc000 	C:\WINDOWS\System32\ucrtbase.dll
0x00007ffb65c90000 - 0x00007ffb65cab000 	C:\Program Files\Java\jdk-21\bin\VCRUNTIME140.dll
0x00007ffb65ba0000 - 0x00007ffb65bb9000 	C:\Program Files\Java\jdk-21\bin\jli.dll
0x00007ffb70ee0000 - 0x00007ffb70f96000 	C:\WINDOWS\System32\ADVAPI32.dll
0x00007ffb70b50000 - 0x00007ffb70bf9000 	C:\WINDOWS\System32\msvcrt.dll
0x00007ffb70c00000 - 0x00007ffb70caa000 	C:\WINDOWS\System32\sechost.dll
0x00007ffb70d70000 - 0x00007ffb70e88000 	C:\WINDOWS\System32\RPCRT4.dll
0x00007ffb703d0000 - 0x00007ffb70597000 	C:\WINDOWS\System32\USER32.dll
0x00007ffb6f1a0000 - 0x00007ffb6f1c7000 	C:\WINDOWS\System32\win32u.dll
0x00007ffb6e140000 - 0x00007ffb6e3d2000 	C:\WINDOWS\WinSxS\amd64_microsoft.windows.common-controls_6595b64144ccf1df_6.0.26100.8521_none_3e08b75ce33403b3\COMCTL32.dll
0x00007ffb6fd20000 - 0x00007ffb6fd4b000 	C:\WINDOWS\System32\GDI32.dll
0x00007ffb6f1d0000 - 0x00007ffb6f2fb000 	C:\WINDOWS\System32\gdi32full.dll
0x00007ffb6eeb0000 - 0x00007ffb6ef53000 	C:\WINDOWS\System32\msvcp_win.dll
0x00007ffb5efd0000 - 0x00007ffb5efdb000 	C:\WINDOWS\SYSTEM32\VERSION.dll
0x00007ffb71a90000 - 0x00007ffb71ac2000 	C:\WINDOWS\System32\IMM32.DLL
0x00007ffb65e40000 - 0x00007ffb65e4c000 	C:\Program Files\Java\jdk-21\bin\vcruntime140_1.dll
0x00007ffb54c90000 - 0x00007ffb54d1e000 	C:\Program Files\Java\jdk-21\bin\msvcp140.dll
0x00007ffade440000 - 0x00007ffadf15d000 	C:\Program Files\Java\jdk-21\bin\server\jvm.dll
0x00007ffb6fd70000 - 0x00007ffb6fdf0000 	C:\WINDOWS\System32\WS2_32.dll
0x00007ffb6e710000 - 0x00007ffb6e76e000 	C:\WINDOWS\SYSTEM32\POWRPROF.dll
0x00007ffb5b780000 - 0x00007ffb5b7b6000 	C:\WINDOWS\SYSTEM32\WINMM.dll
0x00007ffb6e5e0000 - 0x00007ffb6e5f4000 	C:\WINDOWS\SYSTEM32\UMPDC.dll
0x00007ffb6d3a0000 - 0x00007ffb6d3bb000 	C:\WINDOWS\SYSTEM32\kernel.appcore.dll
0x00007ffb65c40000 - 0x00007ffb65c4a000 	C:\Program Files\Java\jdk-21\bin\jimage.dll
0x00007ffb6e780000 - 0x00007ffb6e9c2000 	C:\WINDOWS\SYSTEM32\DBGHELP.DLL
0x00007ffb6f990000 - 0x00007ffb6fd13000 	C:\WINDOWS\System32\combase.dll
0x00007ffb709e0000 - 0x00007ffb70ab9000 	C:\WINDOWS\System32\OLEAUT32.dll
0x00007ffb6e600000 - 0x00007ffb6e63b000 	C:\WINDOWS\SYSTEM32\dbgcore.DLL
0x00007ffb6f4e0000 - 0x00007ffb6f588000 	C:\WINDOWS\System32\bcryptPrimitives.dll
0x00007ffb64d60000 - 0x00007ffb64d7f000 	C:\Program Files\Java\jdk-21\bin\java.dll
0x00007ffb71010000 - 0x00007ffb71794000 	C:\WINDOWS\System32\SHELL32.dll
0x00007ffb6c000000 - 0x00007ffb6c880000 	C:\WINDOWS\SYSTEM32\windows.storage.dll
0x00007ffb71900000 - 0x00007ffb719f6000 	C:\WINDOWS\System32\SHCORE.dll
0x00007ffb70fa0000 - 0x00007ffb71007000 	C:\WINDOWS\System32\shlwapi.dll
0x00007ffb6edd0000 - 0x00007ffb6edf9000 	C:\WINDOWS\SYSTEM32\profapi.dll
0x00007ffb423c0000 - 0x00007ffb42497000 	C:\Program Files\Java\jdk-21\bin\jsvml.dll
0x00007ffb659d0000 - 0x00007ffb659e0000 	C:\Program Files\Java\jdk-21\bin\net.dll
0x00007ffb619c0000 - 0x00007ffb61ae9000 	C:\WINDOWS\SYSTEM32\WINHTTP.dll
0x00007ffb6d8d0000 - 0x00007ffb6d93c000 	C:\WINDOWS\system32\mswsock.dll
0x00007ffb64c20000 - 0x00007ffb64c36000 	C:\Program Files\Java\jdk-21\bin\nio.dll
0x00007ffb648b0000 - 0x00007ffb648c8000 	C:\Program Files\Java\jdk-21\bin\zip.dll
0x00007ffb64d50000 - 0x00007ffb64d60000 	C:\Program Files\Java\jdk-21\bin\verify.dll
0x0000000069ac0000 - 0x0000000069ae4000 	C:\Users\ASUS\AppData\Local\Temp\jansi-2.4.0-764e6d08561d3964-jansi.dll

dbghelp: loaded successfully - version: 4.0.5 - missing functions: none
symbol engine: initialized successfully - sym options: 0x614 - pdb path: .;C:\Program Files\Java\jdk-21\bin;C:\WINDOWS\SYSTEM32;C:\WINDOWS\WinSxS\amd64_microsoft.windows.common-controls_6595b64144ccf1df_6.0.26100.8521_none_3e08b75ce33403b3;C:\Program Files\Java\jdk-21\bin\server;C:\Users\ASUS\AppData\Local\Temp

VM Arguments:
jvm_args: -Dmaven.multiModuleProjectDirectory=D:\Web2_\e-commerce-microservices\order-service 
java_command: org.apache.maven.wrapper.MavenWrapperMain spring-boot:run
java_class_path (initial): D:\Web2_\e-commerce-microservices\order-service\.mvn\wrapper\maven-wrapper.jar
Launcher Type: SUN_STANDARD

[Global flags]
     intx CICompilerCount                          = 4                                         {product} {ergonomic}
     uint ConcGCThreads                            = 3                                         {product} {ergonomic}
     uint G1ConcRefinementThreads                  = 10                                        {product} {ergonomic}
   size_t G1HeapRegionSize                         = 2097152                                   {product} {ergonomic}
    uintx GCDrainStackTargetSize                   = 64                                        {product} {ergonomic}
   size_t InitialHeapSize                          = 264241152                                 {product} {ergonomic}
   size_t MarkStackSize                            = 4194304                                   {product} {ergonomic}
   size_t MaxHeapSize                              = 4223664128                                {product} {ergonomic}
   size_t MaxNewSize                               = 2533359616                                {product} {ergonomic}
   size_t MinHeapDeltaBytes                        = 2097152                                   {product} {ergonomic}
   size_t MinHeapSize                              = 8388608                                   {product} {ergonomic}
    uintx NonNMethodCodeHeapSize                   = 5839372                                {pd product} {ergonomic}
    uintx NonProfiledCodeHeapSize                  = 122909434                              {pd product} {ergonomic}
    uintx ProfiledCodeHeapSize                     = 122909434                              {pd product} {ergonomic}
    uintx ReservedCodeCacheSize                    = 251658240                              {pd product} {ergonomic}
     bool SegmentedCodeCache                       = true                                      {product} {ergonomic}
   size_t SoftMaxHeapSize                          = 4223664128                             {manageable} {ergonomic}
     bool UseCompressedOops                        = true                           {product lp64_product} {ergonomic}
     bool UseG1GC                                  = true                                      {product} {ergonomic}
     bool UseLargePagesIndividualAllocation        = false                                  {pd product} {ergonomic}

Logging:
Log output configuration:
 #0: stdout all=warning uptime,level,tags foldmultilines=false
 #1: stderr all=off uptime,level,tags foldmultilines=false

Environment Variables:
JAVA_HOME=C:\Program Files\Java\jdk-21
PATH=C:\Program Files\Common Files\Oracle\Java\javapath;C:\Program Files (x86)\Common Files\Oracle\Java\java8path;C:\Program Files (x86)\Common Files\Oracle\Java\javapath;C:\Windows\system32;C:\Windows;C:\Windows\System32\Wbem;C:\Windows\System32\WindowsPowerShell\v1.0\;C:\Windows\System32\OpenSSH\;C:\Program Files (x86)\NVIDIA Corporation\PhysX\Common;C:\Program Files\NVIDIA Corporation\NVIDIA NvDLISR;C:\Program Files\Microsoft SQL Server\150\Tools\Binn\;C:\Program Files\Microsoft SQL Server\Client SDK\ODBC\170\Tools\Binn\;C:\Program Files\dotnet\;c:\Program Files (x86)\Microsoft SQL Server\110\Tools\Binn\ManagementStudio\;c:\Program Files (x86)\Microsoft SQL Server\110\Tools\Binn\;c:\Program Files\Microsoft SQL Server\110\Tools\Binn\;c:\Program Files (x86)\Microsoft SQL Server\110\DTS\Binn\;C:\Program Files (x86)\Microsoft SQL Server\160\Tools\Binn\;C:\Program Files\Microsoft SQL Server\160\Tools\Binn\;C:\Program Files\Microsoft SQL Server\160\DTS\Binn\;C:\xampp\php;C:\ProgramData\ComposerSetup\bin;C:\WINDOWS\system32;C:\WINDOWS;C:\WINDOWS\System32\Wbem;C:\WINDOWS\System32\WindowsPowerShell\v1.0\;C:\WINDOWS\System32\OpenSSH\;C:\Users\ASUS\AppData\Local\nvm;C:\nvm4w\nodejs;C:\Program Files\Git\cmd;C:\Program Files (x86)\Windows Kits\10\Windows Performance Toolkit\;C:\ProgramData\chocolatey\bin;C:\Program Files\nodejs\;C:\apache-maven-3.9.11\bin;C:\Program Files\Go\bin;C:\Program Files\Docker\Docker\resources\bin;C:\Program Files (x86)\Microsoft SQL Server\160\DTS\Binn\;C:\Users\ASUS\AppData\Local\Programs\Python\Python314\Scripts\;C:\Users\ASUS\AppData\Local\Programs\Python\Python314\;C:\Users\ASUS\AppData\Local\Programs\Python\Launcher\;C:\Users\ASUS\AppData\Local\Microsoft\WindowsApps;C:\Users\ASUS\AppData\Local\Programs\Microsoft VS Code\bin;C:\Users\ASUS\AppData\Roaming\Composer\vendor\bin;C:\Users\ASUS\AppData\Local\nvm;C:\nvm4w\nodejs;C:\Users\ASUS\AppData\Roaming\npm;C:\Users\ASUS\AppData\Local\Programs\Antigravity\bin;C:\Users\ASUS\go\bin;C:\Users\ASUS\.dotnet\tools;C:\Users\ASUS\AppData\Local\Programs\Antigravity IDE\bin;C:\Users\ASUS\AppData\Local\Programs\cursor\resources\app\bin
USERNAME=ASUS
OS=Windows_NT
PROCESSOR_IDENTIFIER=Intel64 Family 6 Model 141 Stepping 1, GenuineIntel
TMP=C:\Users\ASUS\AppData\Local\Temp
TEMP=C:\Users\ASUS\AppData\Local\Temp




Periodic native trim disabled

---------------  S Y S T E M  ---------------

OS:
 Windows 11 , 64 bit Build 26100 (10.0.26100.8521)
OS uptime: 0 days 22:59 hours
Hyper-V role detected

CPU: total 12 (initial active 12) (6 cores per cpu, 2 threads per core) family 6 model 141 stepping 1 microcode 0x50, cx8, cmov, fxsr, ht, mmx, 3dnowpref, sse, sse2, sse3, ssse3, sse4.1, sse4.2, popcnt, lzcnt, tsc, tscinvbit, avx, avx2, aes, erms, clmul, bmi1, bmi2, adx, avx512f, avx512dq, avx512cd, avx512bw, avx512vl, sha, fma, vzeroupper, avx512_vpopcntdq, avx512_vpclmulqdq, avx512_vaes, avx512_vnni, clflush, clflushopt, clwb, avx512_vbmi2, avx512_vbmi, hv, rdtscp, rdpid, fsrm, gfni, avx512_bitalg, f16c, cet_ibt, cet_ss, avx512_ifma
Processor Information for all 12 processors :
  Max Mhz: 2688, Current Mhz: 2688, Mhz Limit: 2688

Memory: 4k page, system-wide physical 16106M (1074M free)
TotalPageFile size 32656M (AvailPageFile size 64M)
current process WorkingSet (physical memory assigned to process): 303M, peak: 309M
current process commit charge ("private bytes"): 396M, peak: 414M

vm_info: Java HotSpot(TM) 64-Bit Server VM (21.0.9+7-LTS-338) for windows-amd64 JRE (21.0.9+7-LTS-338), built on 2025-09-26T06:33:49Z by "mach5run" with MS VC++ 17.6 (VS2022)

END.
