  .   ____          _            __ _ _
 /\\ / ___'_ __ _ _(_)_ __  __ _ \ \ \ \
( ( )\___ | '_ | '_| | '_ \/ _` | \ \ \ \
 \\/  ___)| |_)| | | | | || (_| |  ) ) ) )
  '  |____| .__|_| |_|_| |_\__, | / / / /
 =========|_|==============|___/=/_/_/_/

 :: Spring Boot ::                (v3.3.0)

2026-06-13T19:08:29.600+07:00  INFO 16568 --- [order-service] [           main] c.r.o.OrderServiceApplication            : Starting OrderServiceApplication v0.0.1-SNAPSHOT using Java 21.0.9 with PID 16568 (D:\Web2_\e-commerce-microservices\order-service\target\order-service-0.0.1-SNAPSHOT.jar started by ASUS in D:\Web2_\e-commerce-microservices\order-service)
2026-06-13T19:08:29.602+07:00  INFO 16568 --- [order-service] [           main] c.r.o.OrderServiceApplication            : No active profile set, falling back to 1 default profile: "default"
2026-06-13T19:08:30.480+07:00  INFO 16568 --- [order-service] [           main] .s.d.r.c.RepositoryConfigurationDelegate : Multiple Spring Data modules found, entering strict repository configuration mode
2026-06-13T19:08:30.481+07:00  INFO 16568 --- [order-service] [           main] .s.d.r.c.RepositoryConfigurationDelegate : Bootstrapping Spring Data JPA repositories in DEFAULT mode.
2026-06-13T19:08:30.605+07:00  INFO 16568 --- [order-service] [           main] .s.d.r.c.RepositoryConfigurationDelegate : Finished Spring Data repository scanning in 122 ms. Found 8 JPA repository interfaces.
2026-06-13T19:08:30.841+07:00  INFO 16568 --- [order-service] [           main] .s.d.r.c.RepositoryConfigurationDelegate : Multiple Spring Data modules found, entering strict repository configuration mode
2026-06-13T19:08:30.841+07:00  INFO 16568 --- [order-service] [           main] .s.d.r.c.RepositoryConfigurationDelegate : Bootstrapping Spring Data Redis repositories in DEFAULT mode.
2026-06-13T19:08:30.857+07:00  INFO 16568 --- [order-service] [           main] .RepositoryConfigurationExtensionSupport : Spring Data Redis - Could not safely identify store assignment for repository candidate interface com.rainbowforest.orderservice.repository.BannerRepository; If you want this repository to be a Redis repository, consider annotating your entities with one of these annotations: org.springframework.data.redis.core.RedisHash (preferred), or consider extending one of the following types with your repository: org.springframework.data.keyvalue.repository.KeyValueRepository
2026-06-13T19:08:30.857+07:00  INFO 16568 --- [order-service] [           main] .RepositoryConfigurationExtensionSupport : Spring Data Redis - Could not safely identify store assignment for repository candidate interface com.rainbowforest.orderservice.repository.ItemRepository; If you want this repository to be a Redis repository, consider annotating your entities with one of these annotations: org.springframework.data.redis.core.RedisHash (preferred), or consider extending one of the following types with your repository: org.springframework.data.keyvalue.repository.KeyValueRepository
2026-06-13T19:08:30.857+07:00  INFO 16568 --- [order-service] [           main] .RepositoryConfigurationExtensionSupport : Spring Data Redis - Could not safely identify store assignment for repository candidate interface com.rainbowforest.orderservice.repository.OrderRepository; If you want this repository to be a Redis repository, consider annotating your entities with one of these annotations: org.springframework.data.redis.core.RedisHash (preferred), or consider extending one of the following types with your repository: org.springframework.data.keyvalue.repository.KeyValueRepository
2026-06-13T19:08:30.857+07:00  INFO 16568 --- [order-service] [           main] .RepositoryConfigurationExtensionSupport : Spring Data Redis - Could not safely identify store assignment for repository candidate interface com.rainbowforest.orderservice.repository.ShippingMethodRepository; If you want this repository to be a Redis repository, consider annotating your entities with one of these annotations: org.springframework.data.redis.core.RedisHash (preferred), or consider extending one of the following types with your repository: org.springframework.data.keyvalue.repository.KeyValueRepository
2026-06-13T19:08:30.857+07:00  INFO 16568 --- [order-service] [           main] .RepositoryConfigurationExtensionSupport : Spring Data Redis - Could not safely identify store assignment for repository candidate interface com.rainbowforest.orderservice.repository.StoreLocationRepository; If you want this repository to be a Redis repository, consider annotating your entities with one of these annotations: org.springframework.data.redis.core.RedisHash (preferred), or consider extending one of the following types with your repository: org.springframework.data.keyvalue.repository.KeyValueRepository
2026-06-13T19:08:30.857+07:00  INFO 16568 --- [order-service] [           main] .RepositoryConfigurationExtensionSupport : Spring Data Redis - Could not safely identify store assignment for repository candidate interface com.rainbowforest.orderservice.repository.SupportTicketRepository; If you want this repository to be a Redis repository, consider annotating your entities with one of these annotations: org.springframework.data.redis.core.RedisHash (preferred), or consider extending one of the following types with your repository: org.springframework.data.keyvalue.repository.KeyValueRepository
2026-06-13T19:08:30.857+07:00  INFO 16568 --- [order-service] [           main] .RepositoryConfigurationExtensionSupport : Spring Data Redis - Could not safely identify store assignment for repository candidate interface com.rainbowforest.orderservice.repository.VoucherRedemptionRepository; If you want this repository to be a Redis repository, consider annotating your entities with one of these annotations: org.springframework.data.redis.core.RedisHash (preferred), or consider extending one of the following types with your repository: org.springframework.data.keyvalue.repository.KeyValueRepository
2026-06-13T19:08:30.857+07:00  INFO 16568 --- [order-service] [           main] .RepositoryConfigurationExtensionSupport : Spring Data Redis - Could not safely identify store assignment for repository candidate interface com.rainbowforest.orderservice.repository.VoucherRepository; If you want this repository to be a Redis repository, consider annotating your entities with one of these annotations: org.springframework.data.redis.core.RedisHash (preferred), or consider extending one of the following types with your repository: org.springframework.data.keyvalue.repository.KeyValueRepository
2026-06-13T19:08:30.857+07:00  INFO 16568 --- [order-service] [           main] .s.d.r.c.RepositoryConfigurationDelegate : Finished Spring Data repository scanning in 15 ms. Found 0 Redis repository interfaces.
2026-06-13T19:08:31.232+07:00  INFO 16568 --- [order-service] [           main] o.s.cloud.context.scope.GenericScope     : BeanFactory id=4e56da3c-8f11-3c6e-aeb0-a1aef6565419
2026-06-13T19:08:31.403+07:00  WARN 16568 --- [order-service] [           main] trationDelegate$BeanPostProcessorChecker : Bean 'org.springframework.cloud.client.loadbalancer.LoadBalancerAutoConfiguration$DeferringLoadBalancerInterceptorConfig' of type [org.springframework.cloud.client.loadbalancer.LoadBalancerAutoConfiguration$DeferringLoadBalancerInterceptorConfig] is not eligible for getting processed by all BeanPostProcessors (for example: not eligible for auto-proxying). The currently created BeanPostProcessor [lbRestClientPostProcessor] is declared through a non-static factory method on that class; consider declaring it as static instead.
2026-06-13T19:08:31.415+07:00  WARN 16568 --- [order-service] [           main] trationDelegate$BeanPostProcessorChecker : Bean 'deferringLoadBalancerInterceptor' of type [org.springframework.cloud.client.loadbalancer.DeferringLoadBalancerInterceptor] is not eligible for getting processed by all BeanPostProcessors (for example: not eligible for auto-proxying). Is this bean getting eagerly injected into a currently created BeanPostProcessor [lbRestClientPostProcessor]? Check the corresponding BeanPostProcessor declaration and its dependencies.
2026-06-13T19:08:31.725+07:00  INFO 16568 --- [order-service] [           main] o.s.b.w.embedded.tomcat.TomcatWebServer  : Tomcat initialized with port 18813 (http)
2026-06-13T19:08:31.739+07:00  INFO 16568 --- [order-service] [           main] o.apache.catalina.core.StandardService   : Starting service [Tomcat]
2026-06-13T19:08:31.739+07:00  INFO 16568 --- [order-service] [           main] o.apache.catalina.core.StandardEngine    : Starting Servlet engine: [Apache Tomcat/10.1.24]
2026-06-13T19:08:31.785+07:00  INFO 16568 --- [order-service] [           main] o.a.c.c.C.[Tomcat].[localhost].[/]       : Initializing Spring embedded WebApplicationContext
2026-06-13T19:08:31.785+07:00  INFO 16568 --- [order-service] [           main] w.s.c.ServletWebServerApplicationContext : Root WebApplicationContext: initialization completed in 2074 ms
2026-06-13T19:08:32.010+07:00  INFO 16568 --- [order-service] [           main] o.hibernate.jpa.internal.util.LogHelper  : HHH000204: Processing PersistenceUnitInfo [name: default]
2026-06-13T19:08:32.078+07:00  INFO 16568 --- [order-service] [           main] org.hibernate.Version                    : HHH000412: Hibernate ORM core version 6.5.2.Final
2026-06-13T19:08:32.123+07:00  INFO 16568 --- [order-service] [           main] o.h.c.internal.RegionFactoryInitiator    : HHH000026: Second-level cache disabled
2026-06-13T19:08:32.389+07:00  INFO 16568 --- [order-service] [           main] o.s.o.j.p.SpringPersistenceUnitInfo      : No LoadTimeWeaver setup: ignoring JPA class transformer
2026-06-13T19:08:32.425+07:00  INFO 16568 --- [order-service] [           main] com.zaxxer.hikari.HikariDataSource       : HikariPool-1 - Starting...
2026-06-13T19:08:32.632+07:00  INFO 16568 --- [order-service] [           main] com.zaxxer.hikari.pool.HikariPool        : HikariPool-1 - Added connection org.postgresql.jdbc.PgConnection@472719df
2026-06-13T19:08:32.634+07:00  INFO 16568 --- [order-service] [           main] com.zaxxer.hikari.HikariDataSource       : HikariPool-1 - Start completed.
2026-06-13T19:08:32.653+07:00  WARN 16568 --- [order-service] [           main] org.hibernate.orm.deprecation            : HHH90000025: PostgreSQLDialect does not need to be specified explicitly using 'hibernate.dialect' (remove the property setting and it will be selected by default)
2026-06-13T19:08:33.676+07:00  INFO 16568 --- [order-service] [           main] o.h.e.t.j.p.i.JtaPlatformInitiator       : HHH000489: No JTA platform available (set 'hibernate.transaction.jta.platform' to enable JTA platform integration)
2026-06-13T19:08:33.792+07:00  INFO 16568 --- [order-service] [           main] j.LocalContainerEntityManagerFactoryBean : Initialized JPA EntityManagerFactory for persistence unit 'default'
2026-06-13T19:08:34.237+07:00  WARN 16568 --- [order-service] [           main] JpaBaseConfiguration$JpaWebConfiguration : spring.jpa.open-in-view is enabled by default. Therefore, database queries may be performed during view rendering. Explicitly configure spring.jpa.open-in-view to disable this warning
2026-06-13T19:08:34.861+07:00  WARN 16568 --- [order-service] [           main] .s.s.UserDetailsServiceAutoConfiguration : 

Using generated security password: b9e984f4-dc0c-4771-9334-7745d5bd2d8f

This generated password is for development use only. Your security configuration must be updated before running your application in production.

2026-06-13T19:08:34.883+07:00  INFO 16568 --- [order-service] [           main] r$InitializeUserDetailsManagerConfigurer : Global AuthenticationManager configured with UserDetailsService bean with name inMemoryUserDetailsManager
2026-06-13T19:08:35.229+07:00  INFO 16568 --- [order-service] [           main] o.s.s.web.DefaultSecurityFilterChain     : Will secure any request with [org.springframework.security.web.session.DisableEncodeUrlFilter@12de62aa, org.springframework.security.web.context.request.async.WebAsyncManagerIntegrationFilter@67398bad, org.springframework.security.web.context.SecurityContextHolderFilter@3c22a99a, org.springframework.security.web.header.HeaderWriterFilter@5f7a2a79, org.springframework.web.filter.CorsFilter@71cdb24, org.springframework.security.web.authentication.logout.LogoutFilter@3ba55a6b, org.springframework.security.web.savedrequest.RequestCacheAwareFilter@412b90cc, org.springframework.security.web.servletapi.SecurityContextHolderAwareRequestFilter@5d28ac23, org.springframework.security.web.authentication.AnonymousAuthenticationFilter@33a1bb90, org.springframework.security.web.session.SessionManagementFilter@6f272dc4, org.springframework.security.web.access.ExceptionTranslationFilter@25bc36, org.springframework.security.web.access.intercept.AuthorizationFilter@f1f41b5]
2026-06-13T19:08:35.854+07:00  INFO 16568 --- [order-service] [           main] DiscoveryClientOptionalArgsConfiguration : Eureka HTTP Client uses RestTemplate.
2026-06-13T19:08:35.896+07:00  WARN 16568 --- [order-service] [           main] iguration$LoadBalancerCaffeineWarnLogger : Spring Cloud LoadBalancer is currently working with the default cache. While this cache implementation is useful for development and tests, it's recommended to use Caffeine cache in production.You can switch to using Caffeine cache, by adding it and org.springframework.cache.caffeine.CaffeineCacheManager to the classpath.
2026-06-13T19:08:35.933+07:00  INFO 16568 --- [order-service] [           main] o.s.b.w.embedded.tomcat.TomcatWebServer  : Tomcat started on port 18813 (http) with context path '/'
2026-06-13T19:08:35.947+07:00  INFO 16568 --- [order-service] [           main] c.r.o.OrderServiceApplication            : Started OrderServiceApplication in 6.833 seconds (process running for 7.476)
Hibernate: select count(*) from store_locations sl1_0
Hibernate: select count(*) from shipping_methods sm1_0
2026-06-13T19:09:01.191+07:00  INFO 16568 --- [order-service] [io-18813-exec-1] o.a.c.c.C.[Tomcat].[localhost].[/]       : Initializing Spring DispatcherServlet 'dispatcherServlet'
2026-06-13T19:09:01.191+07:00  INFO 16568 --- [order-service] [io-18813-exec-1] o.s.web.servlet.DispatcherServlet        : Initializing Servlet 'dispatcherServlet'
2026-06-13T19:09:01.191+07:00  INFO 16568 --- [order-service] [io-18813-exec-1] o.s.web.servlet.DispatcherServlet        : Completed initialization in 0 ms
Hibernate: select sl1_0.id,sl1_0.active,sl1_0.address,sl1_0.close_time,sl1_0.district,sl1_0.name,sl1_0.open_time from store_locations sl1_0
Hibernate: select sm1_0.id,sm1_0.active,sm1_0.eta,sm1_0.fee,sm1_0.name from shipping_methods sm1_0
Hibernate: select o1_0.id,o1_0.cancellation_reason,o1_0.created_at,o1_0.delivery_address,o1_0.discount,o1_0.district,o1_0.idempotency_key,o1_0.note,o1_0.order_code,o1_0.ordered_date,o1_0.payment_method,o1_0.payment_status,o1_0.phone,o1_0.recipient_name,o1_0.shipping_fee,o1_0.shipping_method,o1_0.status,o1_0.store,o1_0.subtotal,o1_0.total,o1_0.user_id,o1_0.voucher_code from orders o1_0 where o1_0.idempotency_key=?
